2025-11-20 13:24:07 | INFO     | Logging system initialized (IST timezone, no color codes)
2025-11-20 13:24:07 | INFO     | Console level: INFO, File level: DEBUG
2025-11-20 13:24:07 | INFO     | Log file: logs/fut_vwap_cvd_sidecar.log (max 10,485,760 bytes, 5 backups)
2025-11-20 13:24:07 | INFO     | ============================================================
2025-11-20 13:24:07 | INFO     | [LEVEL] Updated console_level to DEBUG
2025-11-20 13:24:07 | INFO     | STARTING NIFTY FUTURES VWAP + CVD SIDECAR
2025-11-20 13:24:07 | INFO     | [LEVEL] Updated file_level to INFO
2025-11-20 13:24:07 | INFO     | [LEVEL] Updated main_event_loop to DEBUG
2025-11-20 13:24:07 | INFO     | ============================================================
2025-11-20 13:24:07 | INFO     | Sidecar config: security_id=37054 segment=NSE_FNO candle_interval=60s
2025-11-20 13:24:07 | INFO     | [LEVEL] Updated core_handler to DEBUG
2025-11-20 13:24:07 | INFO     | [VWAP-CVD] Connecting to Dhan WS (attempt 1/∞)
2025-11-20 13:24:07 | INFO     | [LEVEL] Updated calibrator to INFO
2025-11-20 13:24:07 | INFO     | [LEVEL] Updated online_trainer to INFO
2025-11-20 13:24:08 | INFO     | [VWAP-CVD] WebSocket connected. Subscribing to NSE_FNO:37054
2025-11-20 13:24:08 | INFO     | [VWAP-CVD] Subscription sent at 13:24:08
2025-11-20 13:25:01 | INFO     | [VWAP-CVD] Candle 13:24 O=26199.00 H=26204.00 L=26198.10 C=26200.50 Vol=0 Ticks=35 VWAP=0.00 CVD=0
2025-11-20 13:26:01 | INFO     | [VWAP-CVD] Candle 13:25 O=26200.80 H=26206.00 L=26200.00 C=26204.20 Vol=0 Ticks=40 VWAP=0.00 CVD=0
2025-11-20 13:27:00 | INFO     | [VWAP-CVD] Candle 13:26 O=26204.60 H=26218.80 L=26204.60 C=26216.70 Vol=0 Ticks=52 VWAP=0.00 CVD=0
2025-11-20 13:28:00 | INFO     | [VWAP-CVD] Candle 13:27 O=26218.80 H=26218.80 L=26211.80 C=26212.20 Vol=0 Ticks=49 VWAP=0.00 CVD=0
2025-11-20 13:29:00 | INFO     | [VWAP-CVD] Candle 13:28 O=26216.90 H=26222.00 L=26213.40 C=26222.00 Vol=0 Ticks=57 VWAP=0.00 CVD=0
2025-11-20 13:30:00 | INFO     | [VWAP-CVD] Candle 13:29 O=26223.00 H=26223.00 L=26216.90 C=26219.00 Vol=0 Ticks=56 VWAP=0.00 CVD=0
2025-11-20 13:31:01 | INFO     | [VWAP-CVD] Candle 13:30 O=26219.80 H=26224.00 L=26217.00 C=26221.90 Vol=0 Ticks=48 VWAP=0.00 CVD=0
2025-11-20 13:32:01 | INFO     | [VWAP-CVD] Candle 13:31 O=26220.40 H=26222.00 L=26217.10 C=26221.00 Vol=0 Ticks=47 VWAP=0.00 CVD=0
2025-11-20 13:32:22 | INFO     | Logging system initialized (IST timezone, no color codes)
2025-11-20 13:32:22 | INFO     | Console level: INFO, File level: DEBUG
2025-11-20 13:32:22 | INFO     | Log file: logs/fut_vwap_cvd_sidecar.log (max 10,485,760 bytes, 5 backups)
2025-11-20 13:32:22 | INFO     | ============================================================
2025-11-20 13:32:22 | INFO     | STARTING NIFTY FUTURES VWAP + CVD SIDECAR
2025-11-20 13:32:22 | INFO     | ============================================================
2025-11-20 13:32:22 | INFO     | Sidecar config: security_id=37054 segment=NSE_FNO candle_interval=60s
2025-11-20 13:32:22 | INFO     | [VWAP-CVD] Connecting to Dhan WS (attempt 1/∞)
2025-11-20 13:32:22 | INFO     | [LEVEL] Updated console_level to DEBUG
2025-11-20 13:32:22 | INFO     | [LEVEL] Updated file_level to INFO
2025-11-20 13:32:22 | INFO     | [LEVEL] Updated main_event_loop to DEBUG
2025-11-20 13:32:22 | INFO     | [LEVEL] Updated core_handler to DEBUG
2025-11-20 13:32:22 | INFO     | [LEVEL] Updated calibrator to INFO
2025-11-20 13:32:22 | INFO     | [LEVEL] Updated online_trainer to INFO
2025-11-20 13:32:23 | INFO     | [VWAP-CVD] WebSocket connected. Subscribing to NSE_FNO:37054
2025-11-20 13:32:23 | INFO     | [VWAP-CVD] Subscription sent at 13:32:23
2025-11-20 13:33:01 | INFO     | [VWAP-CVD] Candle 13:32 O=26217.00 H=26220.00 L=26215.60 C=26219.00 Vol=0 Ticks=24 VWAP=0.00 CVD=0
2025-11-20 13:34:00 | INFO     | [VWAP-CVD] Candle 13:33 O=26217.10 H=26224.00 L=26217.10 C=26222.90 Vol=0 Ticks=49 VWAP=0.00 CVD=0
2025-11-20 13:35:00 | INFO     | [VWAP-CVD] Candle 13:34 O=26221.70 H=26224.00 L=26220.00 C=26222.90 Vol=0 Ticks=53 VWAP=0.00 CVD=0
2025-11-20 13:36:01 | INFO     | [VWAP-CVD] Candle 13:35 O=26222.90 H=26229.90 L=26220.00 C=26229.90 Vol=0 Ticks=50 VWAP=0.00 CVD=0
2025-11-20 13:37:00 | INFO     | [VWAP-CVD] Candle 13:36 O=26229.70 H=26230.00 L=26225.00 C=26228.90 Vol=0 Ticks=48 VWAP=0.00 CVD=0
2025-11-20 13:38:00 | INFO     | [VWAP-CVD] Candle 13:37 O=26230.00 H=26235.00 L=26224.50 C=26230.00 Vol=0 Ticks=55 VWAP=0.00 CVD=0
2025-11-20 13:39:00 | INFO     | [VWAP-CVD] Candle 13:38 O=26231.40 H=26238.00 L=26228.90 C=26230.20 Vol=0 Ticks=49 VWAP=0.00 CVD=0
2025-11-20 13:40:01 | INFO     | [VWAP-CVD] Candle 13:39 O=26230.10 H=26240.00 L=26228.50 C=26239.00 Vol=0 Ticks=62 VWAP=0.00 CVD=0
2025-11-20 13:41:01 | INFO     | [VWAP-CVD] Candle 13:40 O=26236.40 H=26240.00 L=26235.00 C=26235.00 Vol=0 Ticks=41 VWAP=0.00 CVD=0
2025-11-20 13:42:01 | INFO     | [VWAP-CVD] Candle 13:41 O=26235.00 H=26235.00 L=26229.70 C=26235.00 Vol=0 Ticks=44 VWAP=0.00 CVD=0
2025-11-20 13:43:01 | INFO     | [VWAP-CVD] Candle 13:42 O=26235.60 H=26238.00 L=26233.50 C=26235.20 Vol=0 Ticks=42 VWAP=0.00 CVD=0
2025-11-20 13:44:00 | INFO     | [VWAP-CVD] Candle 13:43 O=26235.70 H=26240.00 L=26235.00 C=26236.00 Vol=0 Ticks=55 VWAP=0.00 CVD=0
2025-11-20 13:45:01 | INFO     | [VWAP-CVD] Candle 13:44 O=26235.30 H=26240.10 L=26234.90 C=26237.00 Vol=0 Ticks=52 VWAP=0.00 CVD=0
2025-11-20 13:46:01 | INFO     | [VWAP-CVD] Candle 13:45 O=26237.10 H=26237.90 L=26232.30 C=26236.10 Vol=0 Ticks=50 VWAP=0.00 CVD=0
2025-11-20 13:47:00 | INFO     | [VWAP-CVD] Candle 13:46 O=26237.60 H=26244.30 L=26236.00 C=26240.00 Vol=0 Ticks=42 VWAP=0.00 CVD=0
2025-11-20 13:48:00 | INFO     | [VWAP-CVD] Candle 13:47 O=26240.10 H=26242.10 L=26226.70 C=26233.60 Vol=0 Ticks=41 VWAP=0.00 CVD=0
2025-11-20 13:48:20 | INFO     | Logging system initialized (IST timezone, no color codes)
2025-11-20 13:48:20 | INFO     | Console level: INFO, File level: DEBUG
2025-11-20 13:48:20 | INFO     | Log file: logs/fut_vwap_cvd_sidecar.log (max 10,485,760 bytes, 5 backups)
2025-11-20 13:48:20 | INFO     | [LEVEL] Updated console_level to DEBUG
2025-11-20 13:48:20 | INFO     | ============================================================
2025-11-20 13:48:20 | INFO     | [LEVEL] Updated file_level to INFO
2025-11-20 13:48:20 | INFO     | STARTING NIFTY FUTURES VWAP + CVD SIDECAR
2025-11-20 13:48:20 | INFO     | [LEVEL] Updated main_event_loop to DEBUG
2025-11-20 13:48:20 | INFO     | ============================================================
2025-11-20 13:48:20 | INFO     | Sidecar config: security_id=37054 segment=NSE_FNO candle_interval=60s
2025-11-20 13:48:20 | INFO     | [LEVEL] Updated core_handler to DEBUG
2025-11-20 13:48:20 | INFO     | [VWAP-CVD] Connecting to Dhan WS (attempt 1/∞)
2025-11-20 13:48:20 | INFO     | [LEVEL] Updated calibrator to INFO
2025-11-20 13:48:20 | INFO     | [LEVEL] Updated online_trainer to INFO
2025-11-20 13:48:21 | INFO     | [VWAP-CVD] WebSocket connected. Subscribing to NSE_FNO:37054
2025-11-20 13:48:21 | INFO     | [VWAP-CVD] Subscription sent at 13:48:21
2025-11-20 13:49:00 | INFO     | [VWAP-CVD] Candle 13:48 O=26235.00 H=26235.90 L=26230.00 C=26235.00 Vol=0 Ticks=27 VWAP=0.00 CVD=0
2025-11-20 13:50:00 | INFO     | [VWAP-CVD] Candle 13:49 O=26233.70 H=26244.20 L=26233.70 C=26243.00 Vol=0 Ticks=40 VWAP=0.00 CVD=0
2025-11-20 13:51:00 | INFO     | [VWAP-CVD] Candle 13:50 O=26243.00 H=26245.00 L=26240.00 C=26243.00 Vol=0 Ticks=38 VWAP=0.00 CVD=0
2025-11-20 13:52:01 | INFO     | [VWAP-CVD] Candle 13:51 O=26243.00 H=26243.70 L=26240.00 C=26241.00 Vol=0 Ticks=31 VWAP=0.00 CVD=0
2025-11-20 13:53:01 | INFO     | [VWAP-CVD] Candle 13:52 O=26241.00 H=26255.10 L=26240.00 C=26255.10 Vol=0 Ticks=46 VWAP=0.00 CVD=0
2025-11-20 13:54:00 | INFO     | [VWAP-CVD] Candle 13:53 O=26255.00 H=26260.00 L=26255.00 C=26258.00 Vol=0 Ticks=53 VWAP=0.00 CVD=0
2025-11-20 13:55:01 | INFO     | [VWAP-CVD] Candle 13:54 O=26257.70 H=26261.00 L=26253.30 C=26258.40 Vol=0 Ticks=44 VWAP=0.00 CVD=0
2025-11-20 13:56:01 | INFO     | [VWAP-CVD] Candle 13:55 O=26255.30 H=26260.00 L=26251.10 C=26255.00 Vol=0 Ticks=40 VWAP=0.00 CVD=0
2025-11-20 13:57:01 | INFO     | [VWAP-CVD] Candle 13:56 O=26255.20 H=26257.90 L=26251.90 C=26255.00 Vol=0 Ticks=26 VWAP=0.00 CVD=0
2025-11-20 13:58:01 | INFO     | [VWAP-CVD] Candle 13:57 O=26254.00 H=26254.00 L=26250.40 C=26251.20 Vol=0 Ticks=40 VWAP=0.00 CVD=0
2025-11-20 13:59:01 | INFO     | [VWAP-CVD] Candle 13:58 O=26252.60 H=26255.90 L=26251.30 C=26254.90 Vol=0 Ticks=49 VWAP=0.00 CVD=0
2025-11-20 13:59:33 | INFO     | Logging system initialized (IST timezone, no color codes)
2025-11-20 13:59:33 | INFO     | Console level: INFO, File level: DEBUG
2025-11-20 13:59:33 | INFO     | Log file: logs/fut_vwap_cvd_sidecar.log (max 10,485,760 bytes, 5 backups)
2025-11-20 13:59:33 | INFO     | [LEVEL] Updated console_level to DEBUG
2025-11-20 13:59:33 | INFO     | [LEVEL] Updated file_level to INFO
2025-11-20 13:59:33 | INFO     | [LEVEL] Updated main_event_loop to DEBUG
2025-11-20 13:59:33 | INFO     | [LEVEL] Updated core_handler to DEBUG
2025-11-20 13:59:33 | INFO     | [LEVEL] Updated calibrator to INFO
2025-11-20 13:59:33 | INFO     | [LEVEL] Updated online_trainer to INFO
2025-11-20 13:59:33 | INFO     | ============================================================
2025-11-20 13:59:33 | INFO     | STARTING NIFTY FUTURES VWAP + CVD SIDECAR
2025-11-20 13:59:33 | INFO     | ============================================================
2025-11-20 13:59:33 | INFO     | Sidecar config: security_id=37054 segment=NSE_FNO candle_interval=60s
2025-11-20 13:59:33 | INFO     | [VWAP-CVD] Connecting to Dhan WS (attempt 1/∞)
2025-11-20 13:59:34 | INFO     | [VWAP-CVD] WebSocket connected. Subscribing to NSE_FNO:37054
2025-11-20 13:59:34 | INFO     | [VWAP-CVD] Subscription sent at 13:59:34
2025-11-20 13:59:35 | INFO     | [VWAP-CVD] DIAG packet: code=2 len=16 first32=02 10 00 02 be 90 00 00 9a 19 cd 46 c5 1e 1f 69
2025-11-20 13:59:35 | INFO     | [VWAP-CVD] DIAG packet: code=6 len=16 first32=06 10 00 02 be 90 00 00 00 ae cb 46 b6 23 80 4b
2025-11-20 13:59:38 | INFO     | [VWAP-CVD] DIAG packet: code=2 len=16 first32=02 10 00 02 be 90 00 00 9a 19 cd 46 ca 1e 1f 69
2025-11-20 13:59:40 | INFO     | [VWAP-CVD] DIAG packet: code=2 len=16 first32=02 10 00 02 be 90 00 00 9a 19 cd 46 cb 1e 1f 69
2025-11-20 13:59:41 | INFO     | [VWAP-CVD] DIAG packet: code=2 len=16 first32=02 10 00 02 be 90 00 00 9a 19 cd 46 cc 1e 1f 69
2025-11-20 13:59:44 | INFO     | [VWAP-CVD] DIAG packet: code=2 len=16 first32=02 10 00 02 be 90 00 00 cd 14 cd 46 d0 1e 1f 69
2025-11-20 13:59:46 | INFO     | [VWAP-CVD] DIAG packet: code=2 len=16 first32=02 10 00 02 be 90 00 00 00 14 cd 46 d1 1e 1f 69
2025-11-20 13:59:48 | INFO     | [VWAP-CVD] DIAG packet: code=2 len=16 first32=02 10 00 02 be 90 00 00 cd 14 cd 46 d3 1e 1f 69
2025-11-20 13:59:50 | INFO     | [VWAP-CVD] DIAG packet: code=2 len=16 first32=02 10 00 02 be 90 00 00 00 14 cd 46 d6 1e 1f 69
2025-11-20 13:59:52 | INFO     | [VWAP-CVD] DIAG packet: code=2 len=16 first32=02 10 00 02 be 90 00 00 00 14 cd 46 d7 1e 1f 69
2025-11-20 13:59:54 | INFO     | [VWAP-CVD] DIAG packet: code=2 len=16 first32=02 10 00 02 be 90 00 00 00 14 cd 46 d7 1e 1f 69
2025-11-20 13:59:57 | INFO     | [VWAP-CVD] DIAG packet: code=2 len=16 first32=02 10 00 02 be 90 00 00 33 15 cd 46 dc 1e 1f 69
2025-11-20 13:59:58 | INFO     | [VWAP-CVD] DIAG packet: code=2 len=16 first32=02 10 00 02 be 90 00 00 66 14 cd 46 de 1e 1f 69
2025-11-20 14:00:02 | INFO     | [VWAP-CVD] DIAG packet: code=2 len=16 first32=02 10 00 02 be 90 00 00 00 14 cd 46 e2 1e 1f 69
2025-11-20 14:00:02 | INFO     | [VWAP-CVD] Candle 13:59 O=26252.80 H=26252.80 L=26250.00 C=26250.20 Vol=0 Ticks=12 VWAP=0.00 CVD=0
2025-11-20 14:00:03 | INFO     | [VWAP-CVD] DIAG packet: code=2 len=16 first32=02 10 00 02 be 90 00 00 33 15 cd 46 e2 1e 1f 69
2025-11-20 14:00:04 | INFO     | [VWAP-CVD] DIAG packet: code=2 len=16 first32=02 10 00 02 be 90 00 00 00 14 cd 46 e4 1e 1f 69
2025-11-20 14:00:05 | INFO     | [VWAP-CVD] DIAG packet: code=2 len=16 first32=02 10 00 02 be 90 00 00 33 15 cd 46 e4 1e 1f 69
2025-11-20 14:00:06 | INFO     | [VWAP-CVD] DIAG packet: code=2 len=16 first32=02 10 00 02 be 90 00 00 00 14 cd 46 e5 1e 1f 69
2025-11-20 14:00:06 | INFO     | [VWAP-CVD] DIAG packet: code=2 len=16 first32=02 10 00 02 be 90 00 00 33 15 cd 46 e6 1e 1f 69
2025-11-20 14:00:07 | INFO     | [VWAP-CVD] DIAG packet: code=2 len=16 first32=02 10 00 02 be 90 00 00 00 14 cd 46 e6 1e 1f 69
2025-11-20 14:00:08 | INFO     | [VWAP-CVD] DIAG packet: code=2 len=16 first32=02 10 00 02 be 90 00 00 33 15 cd 46 e7 1e 1f 69
2025-11-20 14:00:09 | INFO     | [VWAP-CVD] DIAG packet: code=2 len=16 first32=02 10 00 02 be 90 00 00 00 14 cd 46 e9 1e 1f 69
2025-11-20 14:00:11 | INFO     | [VWAP-CVD] DIAG packet: code=2 len=16 first32=02 10 00 02 be 90 00 00 66 14 cd 46 ea 1e 1f 69
2025-11-20 14:00:11 | INFO     | [VWAP-CVD] DIAG packet: code=2 len=16 first32=02 10 00 02 be 90 00 00 00 14 cd 46 eb 1e 1f 69
2025-11-20 14:00:12 | INFO     | [VWAP-CVD] DIAG packet: code=2 len=16 first32=02 10 00 02 be 90 00 00 66 14 cd 46 ec 1e 1f 69
2025-11-20 14:00:13 | INFO     | [VWAP-CVD] DIAG packet: code=2 len=16 first32=02 10 00 02 be 90 00 00 00 14 cd 46 ed 1e 1f 69
2025-11-20 14:00:14 | INFO     | [VWAP-CVD] DIAG packet: code=2 len=16 first32=02 10 00 02 be 90 00 00 00 14 cd 46 ed 1e 1f 69
2025-11-20 14:00:17 | INFO     | [VWAP-CVD] DIAG packet: code=2 len=16 first32=02 10 00 02 be 90 00 00 00 14 cd 46 f1 1e 1f 69
2025-11-20 14:00:18 | INFO     | [VWAP-CVD] DIAG packet: code=2 len=16 first32=02 10 00 02 be 90 00 00 00 14 cd 46 f2 1e 1f 69
2025-11-20 14:00:19 | INFO     | [VWAP-CVD] DIAG packet: code=2 len=16 first32=02 10 00 02 be 90 00 00 00 14 cd 46 f2 1e 1f 69
2025-11-20 14:00:21 | INFO     | [VWAP-CVD] DIAG packet: code=2 len=16 first32=02 10 00 02 be 90 00 00 00 14 cd 46 f2 1e 1f 69
2025-11-20 14:00:23 | INFO     | [VWAP-CVD] DIAG packet: code=2 len=16 first32=02 10 00 02 be 90 00 00 66 14 cd 46 f7 1e 1f 69
2025-11-20 14:00:24 | INFO     | [VWAP-CVD] DIAG packet: code=2 len=16 first32=02 10 00 02 be 90 00 00 00 14 cd 46 f7 1e 1f 69
2025-11-20 14:00:25 | INFO     | [VWAP-CVD] DIAG packet: code=2 len=16 first32=02 10 00 02 be 90 00 00 00 14 cd 46 f8 1e 1f 69
2025-11-20 14:00:26 | INFO     | [VWAP-CVD] DIAG packet: code=2 len=16 first32=02 10 00 02 be 90 00 00 00 14 cd 46 f9 1e 1f 69
2025-11-20 14:00:26 | INFO     | [VWAP-CVD] DIAG packet: code=2 len=16 first32=02 10 00 02 be 90 00 00 00 14 cd 46 fa 1e 1f 69
2025-11-20 14:00:28 | INFO     | [VWAP-CVD] DIAG packet: code=2 len=16 first32=02 10 00 02 be 90 00 00 66 14 cd 46 fb 1e 1f 69
2025-11-20 14:00:29 | INFO     | [VWAP-CVD] DIAG packet: code=2 len=16 first32=02 10 00 02 be 90 00 00 00 14 cd 46 fd 1e 1f 69
2025-11-20 14:00:32 | INFO     | [VWAP-CVD] DIAG packet: code=2 len=16 first32=02 10 00 02 be 90 00 00 00 14 cd 46 00 1f 1f 69
2025-11-20 14:00:33 | INFO     | [VWAP-CVD] DIAG packet: code=2 len=16 first32=02 10 00 02 be 90 00 00 00 14 cd 46 01 1f 1f 69
2025-11-20 14:01:01 | INFO     | [VWAP-CVD] Candle 14:00 O=26250.00 H=26250.60 L=26248.70 C=26249.00 Vol=0 Ticks=45 VWAP=0.00 CVD=0
2025-11-20 14:02:01 | INFO     | [VWAP-CVD] Candle 14:01 O=26249.10 H=26250.60 L=26244.90 C=26246.00 Vol=0 Ticks=38 VWAP=0.00 CVD=0
2025-11-20 14:03:02 | INFO     | [VWAP-CVD] Candle 14:02 O=26246.40 H=26250.60 L=26245.30 C=26247.00 Vol=0 Ticks=38 VWAP=0.00 CVD=0
2025-11-20 14:04:00 | INFO     | [VWAP-CVD] Candle 14:03 O=26247.00 H=26250.00 L=26244.90 C=26246.00 Vol=0 Ticks=41 VWAP=0.00 CVD=0
2025-11-20 14:05:01 | INFO     | [VWAP-CVD] Candle 14:04 O=26246.00 H=26254.70 L=26245.00 C=26249.50 Vol=0 Ticks=33 VWAP=0.00 CVD=0
2025-11-20 14:06:05 | INFO     | [VWAP-CVD] Candle 14:05 O=26253.00 H=26255.00 L=26248.70 C=26250.70 Vol=0 Ticks=42 VWAP=0.00 CVD=0
2025-11-20 14:07:00 | INFO     | [VWAP-CVD] Candle 14:06 O=26254.60 H=26255.00 L=26250.00 C=26253.50 Vol=0 Ticks=26 VWAP=0.00 CVD=0
2025-11-20 14:07:37 | INFO     | Logging system initialized (IST timezone, no color codes)
2025-11-20 14:07:37 | INFO     | Console level: INFO, File level: DEBUG
2025-11-20 14:07:37 | INFO     | Log file: logs/fut_vwap_cvd_sidecar.log (max 10,485,760 bytes, 5 backups)
2025-11-20 14:07:37 | INFO     | ============================================================
2025-11-20 14:07:37 | INFO     | STARTING NIFTY FUTURES VWAP + CVD SIDECAR
2025-11-20 14:07:37 | INFO     | ============================================================
2025-11-20 14:07:37 | INFO     | Sidecar config: security_id=37054 segment=NSE_FNO candle_interval=60s
2025-11-20 14:07:37 | INFO     | [LEVEL] Updated console_level to DEBUG
2025-11-20 14:07:37 | INFO     | [VWAP-CVD] Connecting to Dhan WS (attempt 1/∞)
2025-11-20 14:07:37 | INFO     | [LEVEL] Updated file_level to INFO
2025-11-20 14:07:37 | INFO     | [LEVEL] Updated main_event_loop to DEBUG
2025-11-20 14:07:37 | INFO     | [LEVEL] Updated core_handler to DEBUG
2025-11-20 14:07:37 | INFO     | [LEVEL] Updated calibrator to INFO
2025-11-20 14:07:37 | INFO     | [LEVEL] Updated online_trainer to INFO
2025-11-20 14:07:38 | INFO     | [VWAP-CVD] WebSocket connected. Subscribing to NSE_FNO:37054
2025-11-20 14:07:38 | INFO     | [VWAP-CVD] Subscription sent at 14:07:38
2025-11-20 14:07:38 | INFO     | [VWAP-CVD] DIAG packet: code=8 len=162 first32=08 a2 00 02 be 90 00 00 00 12 cd 46 4b 00 a9 20 1f 69 c8 6e cc 46 cb 2a 46 00 45 98 04 00 79 a0
2025-11-20 14:07:38 | INFO     | [VWAP-CVD] DIAG packet: code=5 len=12 first32=05 0c 00 02 be 90 00 00 0c f8 fa 00
2025-11-20 14:07:39 | INFO     | [VWAP-CVD] DIAG packet: code=8 len=162 first32=08 a2 00 02 be 90 00 00 00 12 cd 46 4b 00 a9 20 1f 69 c8 6e cc 46 16 2b 46 00 2b 94 04 00 5f 9c
2025-11-20 14:07:40 | INFO     | [VWAP-CVD] DIAG packet: code=8 len=162 first32=08 a2 00 02 be 90 00 00 00 12 cd 46 4b 00 a9 20 1f 69 c8 6e cc 46 16 2b 46 00 ce 96 04 00 4d 9f
2025-11-20 14:07:40 | INFO     | [VWAP-CVD] DIAG packet: code=8 len=162 first32=08 a2 00 02 be 90 00 00 00 12 cd 46 4b 00 a9 20 1f 69 c8 6e cc 46 16 2b 46 00 f2 90 04 00 09 89
2025-11-20 14:07:41 | INFO     | [VWAP-CVD] DIAG packet: code=8 len=162 first32=08 a2 00 02 be 90 00 00 00 14 cd 46 4b 00 ad 20 1f 69 cd 6e cc 46 61 2b 46 00 db 98 04 00 fd a3
2025-11-20 14:07:42 | INFO     | [VWAP-CVD] DIAG packet: code=8 len=162 first32=08 a2 00 02 be 90 00 00 00 14 cd 46 4b 00 ad 20 1f 69 cd 6e cc 46 61 2b 46 00 db 98 04 00 de a4
2025-11-20 14:07:43 | INFO     | [VWAP-CVD] DIAG packet: code=8 len=162 first32=08 a2 00 02 be 90 00 00 00 12 cd 46 4b 00 af 20 1f 69 cd 6e cc 46 f7 2b 46 00 45 98 04 00 ce 96
2025-11-20 14:07:44 | INFO     | [VWAP-CVD] DIAG packet: code=8 len=162 first32=08 a2 00 02 be 90 00 00 00 12 cd 46 4b 00 af 20 1f 69 cd 6e cc 46 f7 2b 46 00 07 9a 04 00 fa 97
2025-11-20 14:07:45 | INFO     | [VWAP-CVD] DIAG packet: code=8 len=162 first32=08 a2 00 02 be 90 00 00 00 12 cd 46 4b 00 b0 20 1f 69 cd 6e cc 46 42 2c 46 00 9d 9a 04 00 aa 9c
2025-11-20 14:07:45 | INFO     | [VWAP-CVD] DIAG packet: code=8 len=162 first32=08 a2 00 02 be 90 00 00 00 12 cd 46 4b 00 b0 20 1f 69 cd 6e cc 46 42 2c 46 00 52 9a 04 00 64 97
2025-11-20 14:07:46 | INFO     | [VWAP-CVD] DIAG packet: code=8 len=162 first32=08 a2 00 02 be 90 00 00 cd 11 cd 46 4b 00 b1 20 1f 69 cd 6e cc 46 8d 2c 46 00 33 9b 04 00 33 9b
2025-11-20 14:07:47 | INFO     | [VWAP-CVD] DIAG packet: code=8 len=162 first32=08 a2 00 02 be 90 00 00 cd 11 cd 46 4b 00 b3 20 1f 69 cd 6e cc 46 d8 2c 46 00 33 9b 04 00 d6 9d
2025-11-20 14:07:48 | INFO     | [VWAP-CVD] DIAG packet: code=8 len=162 first32=08 a2 00 02 be 90 00 00 9a 0d cd 46 4b 00 b4 20 1f 69 d2 6e cc 46 4f 2e 46 00 5f 9c 04 00 f8 a8
2025-11-20 14:07:49 | INFO     | [VWAP-CVD] DIAG packet: code=8 len=162 first32=08 a2 00 02 be 90 00 00 9a 0d cd 46 4b 00 b4 20 1f 69 d2 6e cc 46 4f 2e 46 00 9d 9a 04 00 05 ab
2025-11-20 14:07:50 | INFO     | [VWAP-CVD] DIAG packet: code=8 len=162 first32=08 a2 00 02 be 90 00 00 9a 0d cd 46 4b 00 b4 20 1f 69 d2 6e cc 46 4f 2e 46 00 64 97 04 00 9b ab
2025-11-20 14:07:51 | INFO     | [VWAP-CVD] DIAG packet: code=8 len=162 first32=08 a2 00 02 be 90 00 00 9a 0d cd 46 4b 00 b4 20 1f 69 d2 6e cc 46 4f 2e 46 00 45 98 04 00 65 b4
2025-11-20 14:07:51 | INFO     | [VWAP-CVD] DIAG packet: code=8 len=162 first32=08 a2 00 02 be 90 00 00 9a 0d cd 46 4b 00 b4 20 1f 69 d2 6e cc 46 4f 2e 46 00 33 9b 04 00 46 b5
2025-11-20 14:07:52 | INFO     | [VWAP-CVD] DIAG packet: code=8 len=162 first32=08 a2 00 02 be 90 00 00 00 12 cd 46 4b 00 b7 20 1f 69 d2 6e cc 46 9a 2e 46 00 33 9b 04 00 1d c0
2025-11-20 14:07:53 | INFO     | [VWAP-CVD] DIAG packet: code=8 len=162 first32=08 a2 00 02 be 90 00 00 00 12 cd 46 4b 00 b7 20 1f 69 d2 6e cc 46 9a 2e 46 00 33 9b 04 00 87 bf
2025-11-20 14:07:54 | INFO     | [VWAP-CVD] DIAG packet: code=8 len=162 first32=08 a2 00 02 be 90 00 00 00 12 cd 46 96 00 b9 20 1f 69 d2 6e cc 46 30 2f 46 00 c9 9b 04 00 8c ba
2025-11-20 14:07:54 | INFO     | [VWAP-CVD] DIAG packet: code=8 len=162 first32=08 a2 00 02 be 90 00 00 00 12 cd 46 96 00 b9 20 1f 69 d2 6e cc 46 30 2f 46 00 e8 9a 04 00 fd a3
2025-11-20 14:07:55 | INFO     | [VWAP-CVD] DIAG packet: code=8 len=162 first32=08 a2 00 02 be 90 00 00 00 12 cd 46 96 00 b9 20 1f 69 d2 6e cc 46 30 2f 46 00 ce 96 04 00 98 9f
2025-11-20 14:07:56 | INFO     | [VWAP-CVD] DIAG packet: code=8 len=162 first32=08 a2 00 02 be 90 00 00 00 0e cd 46 4b 00 bc 20 1f 69 d2 6e cc 46 7b 2f 46 00 bc 99 04 00 3e ae
2025-11-20 14:07:57 | INFO     | [VWAP-CVD] DIAG packet: code=8 len=162 first32=08 a2 00 02 be 90 00 00 00 0e cd 46 4b 00 bd 20 1f 69 d7 6e cc 46 c6 2f 46 00 bc 99 04 00 e1 b0
2025-11-20 14:07:58 | INFO     | [VWAP-CVD] DIAG packet: code=8 len=162 first32=08 a2 00 02 be 90 00 00 00 14 cd 46 4b 00 bd 20 1f 69 d7 6e cc 46 11 30 46 00 07 9a 04 00 2c b1
2025-11-20 14:07:59 | INFO     | [VWAP-CVD] DIAG packet: code=8 len=162 first32=08 a2 00 02 be 90 00 00 00 0c cd 46 4b 00 bf 20 1f 69 d7 6e cc 46 a7 30 46 00 8b 9d 04 00 7b 44
2025-11-20 14:07:59 | INFO     | [VWAP-CVD] DIAG packet: code=8 len=162 first32=08 a2 00 02 be 90 00 00 9a 0a cd 46 4b 00 bf 20 1f 69 d7 6e cc 46 f2 30 46 00 f5 9c 04 00 8e a9
2025-11-20 14:08:00 | INFO     | [VWAP-CVD] DIAG packet: code=8 len=162 first32=08 a2 00 02 be 90 00 00 9a 0a cd 46 4b 00 bf 20 1f 69 d7 6e cc 46 f2 30 46 00 79 a0 04 00 f7 8b
2025-11-20 14:08:00 | INFO     | [VWAP-CVD] Candle 14:07 O=26249.00 H=26250.00 L=26245.30 C=26245.30 Vol=1575 Ticks=27 VWAP=26247.91 CVD=-750
2025-11-20 14:08:01 | INFO     | [VWAP-CVD] DIAG packet: code=8 len=162 first32=08 a2 00 02 be 90 00 00 9a 0d cd 46 4b 00 c1 20 1f 69 d7 6e cc 46 3d 31 46 00 0c 95 04 00 93 a4
2025-11-20 14:08:02 | INFO     | [VWAP-CVD] DIAG packet: code=8 len=162 first32=08 a2 00 02 be 90 00 00 9a 0d cd 46 4b 00 c1 20 1f 69 d7 6e cc 46 3d 31 46 00 34 6d 04 00 82 c4
2025-11-20 14:08:03 | INFO     | [VWAP-CVD] DIAG packet: code=8 len=162 first32=08 a2 00 02 be 90 00 00 9a 0d cd 46 4b 00 c1 20 1f 69 dc 6e cc 46 69 32 46 00 ff 92 04 00 8d d7
2025-11-20 14:08:04 | INFO     | [VWAP-CVD] DIAG packet: code=8 len=162 first32=08 a2 00 02 be 90 00 00 9a 0b cd 46 4b 00 c3 20 1f 69 dc 6e cc 46 b4 32 46 00 71 99 04 00 d3 dc
2025-11-20 14:08:04 | INFO     | [VWAP-CVD] DIAG packet: code=8 len=162 first32=08 a2 00 02 be 90 00 00 9a 0b cd 46 4b 00 c3 20 1f 69 dc 6e cc 46 b4 32 46 00 bc 99 04 00 4c cd
2025-11-20 14:08:05 | INFO     | [VWAP-CVD] DIAG packet: code=8 len=162 first32=08 a2 00 02 be 90 00 00 9a 0d cd 46 4b 00 c4 20 1f 69 dc 6e cc 46 ff 32 46 00 e8 9a 04 00 60 b9
2025-11-20 14:08:06 | INFO     | [VWAP-CVD] DIAG packet: code=8 len=162 first32=08 a2 00 02 be 90 00 00 9a 0d cd 46 4b 00 c4 20 1f 69 dc 6e cc 46 ff 32 46 00 7e 9b 04 00 6f aa
2025-11-20 14:08:07 | INFO     | [VWAP-CVD] DIAG packet: code=8 len=162 first32=08 a2 00 02 be 90 00 00 9a 0b cd 46 4b 00 c7 20 1f 69 dc 6e cc 46 4a 33 46 00 8d 8c 04 00 f1 be
2025-11-20 14:08:08 | INFO     | [VWAP-CVD] DIAG packet: code=8 len=162 first32=08 a2 00 02 be 90 00 00 00 0b cd 46 4b 00 c7 20 1f 69 dc 6e cc 46 95 33 46 00 33 9b 04 00 f6 b9
2025-11-20 14:08:09 | INFO     | [VWAP-CVD] DIAG packet: code=8 len=162 first32=08 a2 00 02 be 90 00 00 00 0c cd 46 4b 00 c8 20 1f 69 dc 6e cc 46 e0 33 46 00 4c 82 04 00 4d ea
2025-11-20 14:08:09 | INFO     | [VWAP-CVD] DIAG packet: code=8 len=162 first32=08 a2 00 02 be 90 00 00 00 0c cd 46 4b 00 c8 20 1f 69 dc 6e cc 46 e0 33 46 00 a7 90 04 00 cc f2
2025-11-20 14:09:01 | INFO     | [VWAP-CVD] Candle 14:08 O=26245.30 H=26255.00 L=26245.00 C=26248.30 Vol=22725 Ticks=72 VWAP=26247.97 CVD=-8175
2025-11-20 14:10:00 | INFO     | [VWAP-CVD] Candle 14:09 O=26248.30 H=26254.80 L=26248.30 C=26252.00 Vol=19650 Ticks=72 VWAP=26249.15 CVD=-75
2025-11-20 14:11:00 | INFO     | [VWAP-CVD] Candle 14:10 O=26252.90 H=26256.70 L=26248.90 C=26256.50 Vol=27300 Ticks=72 VWAP=26250.22 CVD=-7725
2025-11-20 14:12:00 | INFO     | [VWAP-CVD] Candle 14:11 O=26256.50 H=26257.50 L=26251.20 C=26257.50 Vol=16875 Ticks=72 VWAP=26251.26 CVD=1500
2025-11-20 14:12:37 | INFO     | Logging system initialized (IST timezone, no color codes)
2025-11-20 14:12:37 | INFO     | Console level: INFO, File level: DEBUG
2025-11-20 14:12:37 | INFO     | Log file: logs/fut_vwap_cvd_sidecar.log (max 10,485,760 bytes, 5 backups)
2025-11-20 14:12:37 | INFO     | ============================================================
2025-11-20 14:12:37 | INFO     | [LEVEL] Updated console_level to DEBUG
2025-11-20 14:12:37 | INFO     | STARTING NIFTY FUTURES VWAP + CVD SIDECAR
2025-11-20 14:12:37 | INFO     | [LEVEL] Updated file_level to INFO
2025-11-20 14:12:37 | INFO     | ============================================================
2025-11-20 14:12:37 | INFO     | Sidecar config: security_id=37054 segment=NSE_FNO candle_interval=60s
2025-11-20 14:12:37 | INFO     | [LEVEL] Updated main_event_loop to DEBUG
2025-11-20 14:12:37 | INFO     | [VWAP-CVD] Connecting to Dhan WS (attempt 1/∞)
2025-11-20 14:12:37 | INFO     | [LEVEL] Updated core_handler to DEBUG
2025-11-20 14:12:37 | INFO     | [LEVEL] Updated calibrator to INFO
2025-11-20 14:12:37 | INFO     | [LEVEL] Updated online_trainer to INFO
2025-11-20 14:12:38 | INFO     | [VWAP-CVD] WebSocket connected. Subscribing to NSE_FNO:37054
2025-11-20 14:12:38 | INFO     | [VWAP-CVD] Subscription sent at 14:12:38
2025-11-20 14:12:38 | INFO     | [VWAP-CVD] DIAG packet: code=8 len=162 first32=08 a2 00 02 be 90 00 00 00 1e cd 46 96 00 d5 21 1f 69 80 72 cc 46 62 bf 47 00 17 a8 04 00 0b c3
2025-11-20 14:12:38 | INFO     | [VWAP-CVD] DIAG packet: code=5 len=12 first32=05 0c 00 02 be 90 00 00 45 fb fa 00
2025-11-20 14:12:39 | INFO     | [VWAP-CVD] DIAG packet: code=8 len=162 first32=08 a2 00 02 be 90 00 00 00 1e cd 46 96 00 d5 21 1f 69 80 72 cc 46 62 bf 47 00 eb a6 04 00 b1 d1
2025-11-20 14:12:39 | INFO     | [VWAP-CVD] DIAG packet: code=8 len=162 first32=08 a2 00 02 be 90 00 00 00 1e cd 46 96 00 d5 21 1f 69 80 72 cc 46 62 bf 47 00 17 a8 04 00 fc d1
2025-11-20 14:12:41 | INFO     | [VWAP-CVD] DIAG packet: code=8 len=162 first32=08 a2 00 02 be 90 00 00 00 1e cd 46 4b 00 d9 21 1f 69 80 72 cc 46 f8 bf 47 00 62 a8 04 00 e6 ab
2025-11-20 14:12:41 | INFO     | [VWAP-CVD] DIAG packet: code=8 len=162 first32=08 a2 00 02 be 90 00 00 00 1e cd 46 4b 00 d9 21 1f 69 80 72 cc 46 f8 bf 47 00 43 a9 04 00 f3 ad
2025-11-20 14:12:43 | INFO     | [VWAP-CVD] DIAG packet: code=8 len=162 first32=08 a2 00 02 be 90 00 00 00 1e cd 46 4b 00 d9 21 1f 69 80 72 cc 46 f8 bf 47 00 8e a9 04 00 25 c7
2025-11-20 14:12:43 | INFO     | [VWAP-CVD] DIAG packet: code=8 len=162 first32=08 a2 00 02 be 90 00 00 00 1e cd 46 4b 00 d9 21 1f 69 80 72 cc 46 f8 bf 47 00 8e a9 04 00 8f c6
2025-11-20 14:12:44 | INFO     | [VWAP-CVD] DIAG packet: code=8 len=162 first32=08 a2 00 02 be 90 00 00 00 1e cd 46 4b 00 db 21 1f 69 94 72 cc 46 77 c8 47 00 79 a0 04 00 ae c5
2025-11-20 14:12:45 | INFO     | [VWAP-CVD] DIAG packet: code=8 len=162 first32=08 a2 00 02 be 90 00 00 00 1e cd 46 4b 00 db 21 1f 69 94 72 cc 46 77 c8 47 00 5a a1 04 00 18 c5
2025-11-20 14:12:46 | INFO     | [VWAP-CVD] DIAG packet: code=8 len=162 first32=08 a2 00 02 be 90 00 00 cd 1a cd 46 96 00 de 21 1f 69 9f 72 cc 46 65 cb 47 00 d4 ae 04 00 70 c7
2025-11-20 14:12:46 | INFO     | [VWAP-CVD] DIAG packet: code=8 len=162 first32=08 a2 00 02 be 90 00 00 cd 1a cd 46 4b 00 de 21 1f 69 b8 72 cc 46 b3 d7 47 00 86 a2 04 00 3c bf
2025-11-20 14:12:48 | INFO     | [VWAP-CVD] DIAG packet: code=8 len=162 first32=08 a2 00 02 be 90 00 00 cd 1a cd 46 4b 00 de 21 1f 69 bd 72 cc 46 2a d9 47 00 62 a8 04 00 cc a7
2025-11-20 14:12:48 | INFO     | [VWAP-CVD] DIAG packet: code=8 len=162 first32=08 a2 00 02 be 90 00 00 00 1a cd 46 96 00 e0 21 1f 69 bd 72 cc 46 c0 d9 47 00 17 a8 04 00 b4 92
2025-11-20 14:12:49 | INFO     | [VWAP-CVD] DIAG packet: code=8 len=162 first32=08 a2 00 02 be 90 00 00 cd 1d cd 46 96 00 e0 21 1f 69 c3 72 cc 46 37 db 47 00 0a a6 04 00 d2 bf
2025-11-20 14:12:49 | INFO     | [VWAP-CVD] DIAG packet: code=8 len=162 first32=08 a2 00 02 be 90 00 00 cd 1d cd 46 96 00 e0 21 1f 69 c3 72 cc 46 37 db 47 00 29 a5 04 00 ee b2
2025-11-20 14:12:51 | INFO     | [VWAP-CVD] DIAG packet: code=8 len=162 first32=08 a2 00 02 be 90 00 00 cd 1d cd 46 96 00 e0 21 1f 69 c3 72 cc 46 37 db 47 00 39 b3 04 00 c1 df
2025-11-20 14:12:51 | INFO     | [VWAP-CVD] DIAG packet: code=8 len=162 first32=08 a2 00 02 be 90 00 00 cd 1d cd 46 96 00 e0 21 1f 69 c3 72 cc 46 37 db 47 00 5a a1 04 00 fa e2
2025-11-20 14:12:52 | INFO     | [VWAP-CVD] DIAG packet: code=8 len=162 first32=08 a2 00 02 be 90 00 00 cd 1d cd 46 96 00 e0 21 1f 69 c3 72 cc 46 82 db 47 00 bd b6 04 00 33 e6
2025-11-20 14:12:53 | INFO     | [VWAP-CVD] DIAG packet: code=8 len=162 first32=08 a2 00 02 be 90 00 00 cd 1d cd 46 96 00 e0 21 1f 69 c3 72 cc 46 82 db 47 00 27 b6 04 00 fa e2
2025-11-20 14:12:54 | INFO     | [VWAP-CVD] DIAG packet: code=8 len=162 first32=08 a2 00 02 be 90 00 00 cd 1d cd 46 96 00 e0 21 1f 69 c3 72 cc 46 82 db 47 00 ca b8 04 00 a2 95
2025-11-20 14:12:54 | INFO     | [VWAP-CVD] DIAG packet: code=8 len=162 first32=08 a2 00 02 be 90 00 00 cd 1d cd 46 96 00 e0 21 1f 69 c3 72 cc 46 82 db 47 00 7f b8 04 00 48 a4
2025-11-20 14:12:56 | INFO     | [VWAP-CVD] DIAG packet: code=8 len=162 first32=08 a2 00 02 be 90 00 00 9a 14 cd 46 4b 00 e7 21 1f 69 c3 72 cc 46 18 dc 47 00 8c ba 04 00 c2 b1
2025-11-20 14:12:56 | INFO     | [VWAP-CVD] DIAG packet: code=8 len=162 first32=08 a2 00 02 be 90 00 00 9a 14 cd 46 4b 00 e7 21 1f 69 c3 72 cc 46 18 dc 47 00 8c ba 04 00 c2 b1
2025-11-20 14:12:57 | INFO     | [VWAP-CVD] DIAG packet: code=8 len=162 first32=08 a2 00 02 be 90 00 00 9a 14 cd 46 4b 00 e8 21 1f 69 c8 72 cc 46 8f dd 47 00 34 b8 04 00 15 b9
2025-11-20 14:12:58 | INFO     | [VWAP-CVD] DIAG packet: code=8 len=162 first32=08 a2 00 02 be 90 00 00 9a 14 cd 46 4b 00 e8 21 1f 69 c8 72 cc 46 8f dd 47 00 34 b8 04 00 f6 b9
2025-11-20 14:12:59 | INFO     | [VWAP-CVD] DIAG packet: code=8 len=162 first32=08 a2 00 02 be 90 00 00 9a 19 cd 46 4b 00 ea 21 1f 69 c8 72 cc 46 da dd 47 00 e9 b7 04 00 7f b8
2025-11-20 14:12:59 | INFO     | [VWAP-CVD] DIAG packet: code=8 len=162 first32=08 a2 00 02 be 90 00 00 9a 19 cd 46 4b 00 ea 21 1f 69 c8 72 cc 46 da dd 47 00 9e b7 04 00 08 b7
2025-11-20 14:13:01 | INFO     | [VWAP-CVD] DIAG packet: code=8 len=162 first32=08 a2 00 02 be 90 00 00 9a 19 cd 46 4b 00 ec 21 1f 69 c8 72 cc 46 70 de 47 00 48 a4 04 00 a8 ad
2025-11-20 14:13:01 | INFO     | [VWAP-CVD] Candle 14:12 O=26255.00 H=26255.00 L=26250.30 C=26252.80 Vol=7800 Ticks=27 VWAP=26253.74 CVD=-4425
2025-11-20 14:13:01 | INFO     | [VWAP-CVD] DIAG packet: code=8 len=162 first32=08 a2 00 02 be 90 00 00 9a 19 cd 46 4b 00 ec 21 1f 69 c8 72 cc 46 70 de 47 00 9e b7 04 00 91 b5
2025-11-20 14:13:02 | INFO     | [VWAP-CVD] DIAG packet: code=8 len=162 first32=08 a2 00 02 be 90 00 00 9a 14 cd 46 4b 00 ee 21 1f 69 c8 72 cc 46 bb de 47 00 08 b7 04 00 b0 b4
2025-11-20 14:13:02 | INFO     | [VWAP-CVD] DIAG packet: code=8 len=162 first32=08 a2 00 02 be 90 00 00 9a 14 cd 46 4b 00 ee 21 1f 69 c8 72 cc 46 bb de 47 00 34 b8 04 00 b0 b4
2025-11-20 14:13:04 | INFO     | [VWAP-CVD] DIAG packet: code=8 len=162 first32=08 a2 00 02 be 90 00 00 9a 14 cd 46 4b 00 ee 21 1f 69 cd 72 cc 46 06 df 47 00 53 b7 04 00 a8 ad
2025-11-20 14:13:04 | INFO     | [VWAP-CVD] DIAG packet: code=8 len=162 first32=08 a2 00 02 be 90 00 00 9a 14 cd 46 4b 00 ee 21 1f 69 cd 72 cc 46 06 df 47 00 53 b7 04 00 a8 ad
2025-11-20 14:13:06 | INFO     | [VWAP-CVD] DIAG packet: code=8 len=162 first32=08 a2 00 02 be 90 00 00 9a 14 cd 46 4b 00 ee 21 1f 69 cd 72 cc 46 06 df 47 00 08 b7 04 00 6f aa
2025-11-20 14:13:06 | INFO     | [VWAP-CVD] DIAG packet: code=8 len=162 first32=08 a2 00 02 be 90 00 00 9a 14 cd 46 4b 00 ee 21 1f 69 cd 72 cc 46 06 df 47 00 08 b7 04 00 58 b2
2025-11-20 14:13:07 | INFO     | [VWAP-CVD] DIAG packet: code=8 len=162 first32=08 a2 00 02 be 90 00 00 9a 14 cd 46 4b 00 f2 21 1f 69 cd 72 cc 46 c8 e0 47 00 7f b8 04 00 e6 ab
2025-11-20 14:13:07 | INFO     | [VWAP-CVD] DIAG packet: code=8 len=162 first32=08 a2 00 02 be 90 00 00 9a 14 cd 46 4b 00 f2 21 1f 69 cd 72 cc 46 c8 e0 47 00 34 b8 04 00 d9 a9
2025-11-20 14:13:09 | INFO     | [VWAP-CVD] DIAG packet: code=8 len=162 first32=08 a2 00 02 be 90 00 00 33 14 cd 46 4b 00 f4 21 1f 69 d2 72 cc 46 a9 e1 47 00 dc b5 04 00 05 ab
2025-11-20 14:13:09 | INFO     | [VWAP-CVD] DIAG packet: code=8 len=162 first32=08 a2 00 02 be 90 00 00 33 14 cd 46 4b 00 f4 21 1f 69 d2 72 cc 46 f4 e1 47 00 27 b6 04 00 ad a8
2025-11-20 14:14:00 | INFO     | [VWAP-CVD] Candle 14:13 O=26252.80 H=26252.80 L=26245.60 C=26247.90 Vol=15150 Ticks=73 VWAP=26250.19 CVD=-4425
2025-11-20 14:15:01 | INFO     | [VWAP-CVD] Candle 14:14 O=26247.90 H=26254.80 L=26247.90 C=26251.60 Vol=14850 Ticks=73 VWAP=26250.67 CVD=-7275
2025-11-20 14:16:00 | INFO     | [VWAP-CVD] Candle 14:15 O=26250.30 H=26255.80 L=26249.60 C=26254.30 Vol=23550 Ticks=72 VWAP=26251.33 CVD=-6225
2025-11-20 14:17:00 | INFO     | [VWAP-CVD] Candle 14:16 O=26254.30 H=26259.80 L=26252.40 C=26259.00 Vol=28050 Ticks=72 VWAP=26252.62 CVD=-24075
2025-11-20 14:18:00 | INFO     | [VWAP-CVD] Candle 14:17 O=26259.00 H=26264.00 L=26255.40 C=26258.70 Vol=15150 Ticks=72 VWAP=26253.64 CVD=-23475
2025-11-20 14:19:00 | INFO     | [VWAP-CVD] Candle 14:18 O=26260.90 H=26263.20 L=26257.50 C=26262.40 Vol=11700 Ticks=72 VWAP=26254.45 CVD=-22575
2025-11-20 14:20:00 | INFO     | [VWAP-CVD] Candle 14:19 O=26264.00 H=26264.00 L=26254.30 C=26256.00 Vol=22275 Ticks=73 VWAP=26255.44 CVD=-30600
2025-11-20 14:21:00 | INFO     | [VWAP-CVD] Candle 14:20 O=26256.00 H=26257.50 L=26248.40 C=26254.50 Vol=26400 Ticks=73 VWAP=26255.03 CVD=-38250
2025-11-20 14:22:00 | INFO     | [VWAP-CVD] Candle 14:21 O=26254.70 H=26261.80 L=26254.70 C=26257.10 Vol=25800 Ticks=73 VWAP=26255.38 CVD=-41700
2025-11-20 14:23:01 | INFO     | [VWAP-CVD] Candle 14:22 O=26257.10 H=26260.00 L=26252.20 C=26252.20 Vol=12975 Ticks=73 VWAP=26255.40 CVD=-51375
2025-11-20 14:24:01 | INFO     | [VWAP-CVD] Candle 14:23 O=26252.50 H=26258.00 L=26251.50 C=26252.20 Vol=21150 Ticks=72 VWAP=26255.18 CVD=-59925
2025-11-20 14:25:00 | INFO     | [VWAP-CVD] Candle 14:24 O=26256.70 H=26258.90 L=26253.00 C=26255.00 Vol=23175 Ticks=72 VWAP=26255.15 CVD=-59850
2025-11-20 14:26:00 | INFO     | [VWAP-CVD] Candle 14:25 O=26253.40 H=26255.00 L=26248.00 C=26249.00 Vol=36075 Ticks=72 VWAP=26254.39 CVD=-90825
2025-11-20 14:27:00 | INFO     | [VWAP-CVD] Candle 14:26 O=26249.00 H=26254.00 L=26246.10 C=26247.60 Vol=10500 Ticks=73 VWAP=26254.19 CVD=-93225
2025-11-20 14:28:00 | INFO     | [VWAP-CVD] Candle 14:27 O=26247.60 H=26249.00 L=26237.00 C=26238.00 Vol=12225 Ticks=71 VWAP=26253.69 CVD=-101100
2025-11-20 14:29:00 | INFO     | [VWAP-CVD] Candle 14:28 O=26238.00 H=26239.10 L=26232.00 C=26235.10 Vol=25050 Ticks=74 VWAP=26252.36 CVD=-91950
2025-11-20 14:30:00 | INFO     | [VWAP-CVD] Candle 14:29 O=26236.00 H=26238.90 L=26228.00 C=26228.40 Vol=33075 Ticks=72 VWAP=26250.58 CVD=-105075
2025-11-20 14:31:01 | INFO     | [VWAP-CVD] Candle 14:30 O=26228.40 H=26243.30 L=26228.40 C=26238.90 Vol=23100 Ticks=74 VWAP=26249.63 CVD=-95175
2025-11-20 14:32:01 | INFO     | [VWAP-CVD] Candle 14:31 O=26238.90 H=26239.60 L=26226.30 C=26226.30 Vol=10800 Ticks=72 VWAP=26249.13 CVD=-102675
2025-11-20 14:33:00 | INFO     | [VWAP-CVD] Candle 14:32 O=26226.00 H=26226.00 L=26222.00 C=26222.50 Vol=18825 Ticks=72 VWAP=26247.98 CVD=-106800
2025-11-20 14:34:00 | INFO     | [VWAP-CVD] Candle 14:33 O=26223.90 H=26228.00 L=26222.20 C=26222.70 Vol=22275 Ticks=72 VWAP=26246.80 CVD=-100275
2025-11-20 14:35:01 | INFO     | [VWAP-CVD] Candle 14:34 O=26222.70 H=26230.00 L=26222.70 C=26227.00 Vol=10350 Ticks=74 VWAP=26246.33 CVD=-95325
2025-11-20 14:36:01 | INFO     | [VWAP-CVD] Candle 14:35 O=26226.00 H=26234.00 L=26224.70 C=26234.00 Vol=11700 Ticks=72 VWAP=26245.86 CVD=-96075
2025-11-20 14:37:01 | INFO     | [VWAP-CVD] Candle 14:36 O=26234.00 H=26238.80 L=26233.20 C=26235.80 Vol=13875 Ticks=72 VWAP=26245.60 CVD=-87600
2025-11-20 14:38:01 | INFO     | [VWAP-CVD] Candle 14:37 O=26238.00 H=26240.60 L=26233.00 C=26240.60 Vol=18975 Ticks=72 VWAP=26245.29 CVD=-85425
2025-11-20 14:39:00 | INFO     | [VWAP-CVD] Candle 14:38 O=26244.00 H=26246.70 L=26242.60 C=26244.80 Vol=14100 Ticks=72 VWAP=26245.28 CVD=-77025
2025-11-20 14:40:00 | INFO     | [VWAP-CVD] Candle 14:39 O=26241.00 H=26243.30 L=26237.10 C=26242.00 Vol=9225 Ticks=72 VWAP=26245.20 CVD=-72600
2025-11-20 14:41:00 | INFO     | [VWAP-CVD] Candle 14:40 O=26242.00 H=26243.00 L=26238.50 C=26240.00 Vol=6900 Ticks=72 VWAP=26245.15 CVD=-71700
2025-11-20 14:42:01 | INFO     | [VWAP-CVD] Candle 14:41 O=26241.80 H=26245.00 L=26240.20 C=26244.50 Vol=15075 Ticks=74 VWAP=26245.09 CVD=-64575
2025-11-20 14:43:01 | INFO     | [VWAP-CVD] Candle 14:42 O=26244.50 H=26245.00 L=26238.00 C=26240.00 Vol=9750 Ticks=72 VWAP=26245.05 CVD=-67275
2025-11-20 14:44:01 | INFO     | [VWAP-CVD] Candle 14:43 O=26240.00 H=26240.00 L=26225.90 C=26226.90 Vol=23700 Ticks=69 VWAP=26244.39 CVD=-72525
2025-11-20 14:45:00 | INFO     | [VWAP-CVD] Candle 14:44 O=26226.40 H=26227.80 L=26213.50 C=26214.30 Vol=45450 Ticks=72 VWAP=26242.70 CVD=-91125
2025-11-20 14:46:00 | INFO     | [VWAP-CVD] Candle 14:45 O=26216.00 H=26225.00 L=26211.40 C=26225.00 Vol=45825 Ticks=72 VWAP=26240.93 CVD=-101400
2025-11-20 14:47:00 | INFO     | [VWAP-CVD] Candle 14:46 O=26225.00 H=26236.80 L=26225.00 C=26230.00 Vol=104700 Ticks=72 VWAP=26240.19 CVD=-15600
2025-11-20 14:48:00 | INFO     | [VWAP-CVD] Candle 14:47 O=26230.00 H=26236.00 L=26225.00 C=26225.00 Vol=23025 Ticks=72 VWAP=26239.89 CVD=-29625
2025-11-20 14:49:01 | INFO     | [VWAP-CVD] Candle 14:48 O=26222.00 H=26222.00 L=26215.20 C=26220.00 Vol=17700 Ticks=74 VWAP=26239.41 CVD=-37875
2025-11-20 14:50:01 | INFO     | [VWAP-CVD] Candle 14:49 O=26217.10 H=26229.90 L=26217.10 C=26226.00 Vol=25725 Ticks=72 VWAP=26238.95 CVD=-23850
2025-11-20 14:51:01 | INFO     | [VWAP-CVD] Candle 14:50 O=26226.00 H=26231.00 L=26226.00 C=26231.00 Vol=9000 Ticks=72 VWAP=26238.84 CVD=-19050
2025-11-20 14:52:00 | INFO     | [VWAP-CVD] Candle 14:51 O=26231.00 H=26237.00 L=26229.10 C=26235.20 Vol=20400 Ticks=72 VWAP=26238.69 CVD=-25650
2025-11-20 14:53:00 | INFO     | [VWAP-CVD] Candle 14:52 O=26235.20 H=26237.40 L=26230.00 C=26234.10 Vol=18525 Ticks=72 VWAP=26238.61 CVD=-33975
2025-11-20 14:54:00 | INFO     | [VWAP-CVD] Candle 14:53 O=26234.90 H=26235.80 L=26226.00 C=26226.00 Vol=31350 Ticks=72 VWAP=26238.40 CVD=-28725
2025-11-20 14:55:00 | INFO     | [VWAP-CVD] Candle 14:54 O=26226.00 H=26229.30 L=26221.30 C=26221.30 Vol=14925 Ticks=72 VWAP=26238.17 CVD=-30150
2025-11-20 14:56:00 | INFO     | [VWAP-CVD] Candle 14:55 O=26224.90 H=26234.40 L=26221.90 C=26228.90 Vol=26775 Ticks=72 VWAP=26237.82 CVD=-41025
2025-11-20 14:57:00 | INFO     | [VWAP-CVD] Candle 14:56 O=26230.00 H=26230.00 L=26225.50 C=26227.20 Vol=17700 Ticks=72 VWAP=26237.63 CVD=-49275
2025-11-20 14:58:00 | INFO     | [VWAP-CVD] Candle 14:57 O=26227.20 H=26230.00 L=26223.10 C=26225.70 Vol=45975 Ticks=72 VWAP=26237.15 CVD=-24600
2025-11-20 14:59:00 | INFO     | [VWAP-CVD] Candle 14:58 O=26233.00 H=26233.00 L=26225.00 C=26227.00 Vol=9825 Ticks=73 VWAP=26237.06 CVD=-21975
2025-11-20 15:00:00 | INFO     | [VWAP-CVD] Candle 14:59 O=26227.00 H=26229.40 L=26222.60 C=26225.00 Vol=18825 Ticks=72 VWAP=26236.86 CVD=-29550
2025-11-20 15:01:00 | INFO     | [VWAP-CVD] Candle 15:00 O=26225.00 H=26238.00 L=26223.10 C=26224.50 Vol=33900 Ticks=72 VWAP=26236.70 CVD=-31950
2025-11-20 15:02:00 | INFO     | [VWAP-CVD] Candle 15:01 O=26224.50 H=26226.90 L=26209.80 C=26210.00 Vol=41250 Ticks=72 VWAP=26235.89 CVD=-67650
2025-11-20 15:03:00 | INFO     | [VWAP-CVD] Candle 15:02 O=26208.70 H=26215.00 L=26203.00 C=26206.30 Vol=29400 Ticks=72 VWAP=26235.14 CVD=-62100
2025-11-20 15:04:00 | INFO     | [VWAP-CVD] Candle 15:03 O=26203.00 H=26218.80 L=26202.00 C=26217.00 Vol=25725 Ticks=73 VWAP=26234.53 CVD=-57975
2025-11-20 15:05:00 | INFO     | [VWAP-CVD] Candle 15:04 O=26216.60 H=26217.70 L=26208.60 C=26210.00 Vol=40125 Ticks=72 VWAP=26233.86 CVD=-71700
2025-11-20 15:06:00 | INFO     | [VWAP-CVD] Candle 15:05 O=26210.00 H=26212.30 L=26206.00 C=26209.30 Vol=32100 Ticks=72 VWAP=26233.20 CVD=-84450
2025-11-20 15:07:00 | INFO     | [VWAP-CVD] Candle 15:06 O=26209.30 H=26214.30 L=26208.30 C=26210.10 Vol=31275 Ticks=72 VWAP=26232.64 CVD=-91725
2025-11-20 15:08:00 | INFO     | [VWAP-CVD] Candle 15:07 O=26210.10 H=26218.00 L=26210.00 C=26210.60 Vol=28125 Ticks=72 VWAP=26232.24 CVD=-106050
2025-11-20 15:09:00 | INFO     | [VWAP-CVD] Candle 15:08 O=26210.60 H=26214.30 L=26209.10 C=26209.10 Vol=18525 Ticks=72 VWAP=26231.95 CVD=-106275
2025-11-20 15:10:00 | INFO     | [VWAP-CVD] Candle 15:09 O=26209.20 H=26216.40 L=26207.90 C=26212.00 Vol=22500 Ticks=72 VWAP=26231.60 CVD=-101025
2025-11-20 15:11:00 | INFO     | [VWAP-CVD] Candle 15:10 O=26212.80 H=26215.00 L=26209.30 C=26212.90 Vol=38475 Ticks=73 VWAP=26231.04 CVD=-113550
2025-11-20 15:12:00 | INFO     | [VWAP-CVD] Candle 15:11 O=26212.90 H=26216.00 L=26212.00 C=26214.80 Vol=29475 Ticks=72 VWAP=26230.68 CVD=-126675
2025-11-20 15:13:00 | INFO     | [VWAP-CVD] Candle 15:12 O=26214.80 H=26222.00 L=26214.80 C=26219.20 Vol=34800 Ticks=72 VWAP=26230.38 CVD=-113175
2025-11-20 15:14:00 | INFO     | [VWAP-CVD] Candle 15:13 O=26219.00 H=26222.00 L=26218.10 C=26221.10 Vol=36375 Ticks=68 VWAP=26230.12 CVD=-112200
2025-11-20 15:15:01 | INFO     | [VWAP-CVD] Candle 15:14 O=26220.90 H=26227.50 L=26220.80 C=26227.20 Vol=31650 Ticks=73 VWAP=26229.98 CVD=-113700
2025-11-21 10:38:20 | INFO     | Logging system initialized (IST timezone, no color codes)
2025-11-21 10:38:20 | INFO     | Console level: INFO, File level: DEBUG
2025-11-21 10:38:20 | INFO     | Log file: logs/fut_vwap_cvd_sidecar.log (max 10,485,760 bytes, 5 backups)
2025-11-21 10:38:20 | INFO     | [LEVEL] Updated console_level to DEBUG
2025-11-21 10:38:20 | INFO     | ============================================================
2025-11-21 10:38:20 | INFO     | [LEVEL] Updated file_level to INFO
2025-11-21 10:38:20 | INFO     | STARTING NIFTY FUTURES VWAP + CVD SIDECAR
2025-11-21 10:38:20 | INFO     | [LEVEL] Updated main_event_loop to DEBUG
2025-11-21 10:38:20 | INFO     | ============================================================
2025-11-21 10:38:20 | INFO     | Sidecar config: security_id=37054 segment=NSE_FNO candle_interval=60s
2025-11-21 10:38:20 | INFO     | [LEVEL] Updated core_handler to DEBUG
2025-11-21 10:38:20 | INFO     | [VWAP-CVD] Connecting to Dhan WS (attempt 1/∞)
2025-11-21 10:38:20 | INFO     | [LEVEL] Updated calibrator to INFO
2025-11-21 10:38:20 | INFO     | [LEVEL] Updated online_trainer to INFO
2025-11-21 10:38:21 | INFO     | [VWAP-CVD] WebSocket connected. Subscribing to NSE_FNO:37054
2025-11-21 10:38:21 | INFO     | [VWAP-CVD] Subscription sent at 10:38:21
2025-11-21 10:39:00 | INFO     | [VWAP-CVD] Candle 10:38 O=26088.50 H=26093.00 L=26088.00 C=26092.00 Vol=2400 Ticks=47 VWAP=26090.72 CVD=-1050
2025-11-21 10:40:00 | INFO     | [VWAP-CVD] Candle 10:39 O=26088.00 H=26094.40 L=26088.00 C=26094.40 Vol=7200 Ticks=73 VWAP=26091.26 CVD=1350
2025-11-21 10:41:00 | INFO     | [VWAP-CVD] Candle 10:40 O=26091.30 H=26097.00 L=26088.10 C=26092.00 Vol=9975 Ticks=72 VWAP=26091.66 CVD=2625
2025-11-21 10:42:01 | INFO     | [VWAP-CVD] Candle 10:41 O=26089.40 H=26092.00 L=26089.00 C=26090.00 Vol=4725 Ticks=74 VWAP=26091.39 CVD=2100
2025-11-21 10:43:01 | INFO     | [VWAP-CVD] Candle 10:42 O=26091.90 H=26091.90 L=26084.00 C=26089.40 Vol=10575 Ticks=72 VWAP=26090.00 CVD=-525
2025-11-21 10:44:01 | INFO     | [VWAP-CVD] Candle 10:43 O=26095.00 H=26095.00 L=26088.00 C=26092.70 Vol=7875 Ticks=72 VWAP=26090.26 CVD=-1200
2025-11-21 10:45:01 | INFO     | [VWAP-CVD] Candle 10:44 O=26091.30 H=26091.30 L=26088.00 C=26090.00 Vol=9900 Ticks=72 VWAP=26090.38 CVD=2700
2025-11-21 10:46:01 | INFO     | [VWAP-CVD] Candle 10:45 O=26088.00 H=26090.00 L=26086.70 C=26090.00 Vol=16350 Ticks=72 VWAP=26089.68 CVD=-3450
2025-11-21 10:47:01 | INFO     | [VWAP-CVD] Candle 10:46 O=26090.00 H=26090.00 L=26080.80 C=26081.00 Vol=12675 Ticks=72 VWAP=26088.68 CVD=-8475
2025-11-21 10:48:01 | INFO     | [VWAP-CVD] Candle 10:47 O=26080.80 H=26095.00 L=26080.70 C=26095.00 Vol=9975 Ticks=72 VWAP=26088.56 CVD=-1800
2025-11-21 10:49:01 | INFO     | [VWAP-CVD] Candle 10:48 O=26094.20 H=26094.20 L=26083.60 C=26090.10 Vol=9450 Ticks=72 VWAP=26088.60 CVD=1200
2025-11-21 10:50:00 | INFO     | [VWAP-CVD] Candle 10:49 O=26090.40 H=26099.70 L=26090.40 C=26099.00 Vol=18750 Ticks=72 VWAP=26090.04 CVD=10050
2025-11-21 10:51:00 | INFO     | [VWAP-CVD] Candle 10:50 O=26099.00 H=26099.60 L=26089.50 C=26096.90 Vol=11625 Ticks=72 VWAP=26090.33 CVD=3225
2025-11-21 10:52:00 | INFO     | [VWAP-CVD] Candle 10:51 O=26089.60 H=26099.10 L=26089.60 C=26095.60 Vol=14625 Ticks=72 VWAP=26090.74 CVD=-3450
2025-11-21 10:53:00 | INFO     | [VWAP-CVD] Candle 10:52 O=26095.00 H=26099.50 L=26092.80 C=26094.00 Vol=16350 Ticks=72 VWAP=26091.36 CVD=600
2025-11-21 10:54:00 | INFO     | [VWAP-CVD] Candle 10:53 O=26090.00 H=26093.00 L=26081.80 C=26081.80 Vol=10575 Ticks=72 VWAP=26091.05 CVD=-525
2025-11-21 10:55:00 | INFO     | [VWAP-CVD] Candle 10:54 O=26081.70 H=26092.00 L=26077.40 C=26087.90 Vol=17700 Ticks=72 VWAP=26090.20 CVD=-675
2025-11-21 10:56:00 | INFO     | [VWAP-CVD] Candle 10:55 O=26088.10 H=26092.00 L=26082.20 C=26088.00 Vol=18075 Ticks=72 VWAP=26089.79 CVD=-4350
2025-11-21 10:57:00 | INFO     | [VWAP-CVD] Candle 10:56 O=26085.00 H=26100.00 L=26084.90 C=26100.00 Vol=29325 Ticks=72 VWAP=26090.19 CVD=13275
2025-11-21 10:58:00 | INFO     | [VWAP-CVD] Candle 10:57 O=26095.00 H=26105.80 L=26095.00 C=26103.30 Vol=22650 Ticks=73 VWAP=26091.24 CVD=18975
2025-11-21 10:59:00 | INFO     | [VWAP-CVD] Candle 10:58 O=26103.00 H=26106.20 L=26097.70 C=26104.80 Vol=26475 Ticks=72 VWAP=26092.18 CVD=10200
2025-11-21 11:00:00 | INFO     | [VWAP-CVD] Candle 10:59 O=26107.00 H=26113.90 L=26103.10 C=26110.00 Vol=19575 Ticks=72 VWAP=26093.24 CVD=13575
2025-11-21 11:01:00 | INFO     | [VWAP-CVD] Candle 11:00 O=26112.70 H=26113.80 L=26106.40 C=26110.00 Vol=24075 Ticks=72 VWAP=26094.54 CVD=11250
2025-11-21 11:02:00 | INFO     | [VWAP-CVD] Candle 11:01 O=26106.30 H=26109.90 L=26102.20 C=26105.00 Vol=14850 Ticks=72 VWAP=26095.01 CVD=5700
2025-11-21 11:03:00 | INFO     | [VWAP-CVD] Candle 11:02 O=26105.00 H=26105.00 L=26100.50 C=26104.00 Vol=7800 Ticks=72 VWAP=26095.20 CVD=6600
2025-11-21 11:04:00 | INFO     | [VWAP-CVD] Candle 11:03 O=26100.50 H=26108.00 L=26100.30 C=26102.80 Vol=18675 Ticks=72 VWAP=26095.71 CVD=12525
2025-11-21 11:05:00 | INFO     | [VWAP-CVD] Candle 11:04 O=26105.60 H=26108.60 L=26098.00 C=26100.80 Vol=136200 Ticks=72 VWAP=26098.34 CVD=115125
2025-11-21 11:06:00 | INFO     | [VWAP-CVD] Candle 11:05 O=26100.80 H=26106.20 L=26091.20 C=26093.90 Vol=63300 Ticks=72 VWAP=26098.56 CVD=142425
2025-11-21 11:07:00 | INFO     | [VWAP-CVD] Candle 11:06 O=26091.00 H=26095.00 L=26076.60 C=26082.00 Vol=51450 Ticks=73 VWAP=26097.64 CVD=130725
2025-11-21 11:08:00 | INFO     | [VWAP-CVD] Candle 11:07 O=26079.80 H=26095.00 L=26079.80 C=26095.00 Vol=16200 Ticks=72 VWAP=26097.43 CVD=135075
2025-11-21 11:09:00 | INFO     | [VWAP-CVD] Candle 11:08 O=26095.00 H=26100.30 L=26091.30 C=26100.30 Vol=19800 Ticks=73 VWAP=26097.36 CVD=125325
2025-11-21 11:10:00 | INFO     | [VWAP-CVD] Candle 11:09 O=26099.30 H=26103.10 L=26095.40 C=26102.50 Vol=89625 Ticks=72 VWAP=26097.46 CVD=198300
2025-11-21 11:11:00 | INFO     | [VWAP-CVD] Candle 11:10 O=26102.50 H=26109.90 L=26102.00 C=26104.80 Vol=11625 Ticks=72 VWAP=26097.59 CVD=196725
2025-11-21 11:12:00 | INFO     | [VWAP-CVD] Candle 11:11 O=26105.00 H=26110.50 L=26105.00 C=26109.80 Vol=11475 Ticks=73 VWAP=26097.75 CVD=205650
2025-11-21 11:13:00 | INFO     | [VWAP-CVD] Candle 11:12 O=26109.80 H=26117.00 L=26109.80 C=26115.00 Vol=17100 Ticks=72 VWAP=26098.10 CVD=211350
2025-11-21 11:14:00 | INFO     | [VWAP-CVD] Candle 11:13 O=26114.70 H=26118.00 L=26113.70 C=26116.50 Vol=15675 Ticks=73 VWAP=26098.46 CVD=208275
2025-11-21 11:15:00 | INFO     | [VWAP-CVD] Candle 11:14 O=26119.00 H=26124.00 L=26118.20 C=26124.00 Vol=21450 Ticks=72 VWAP=26099.06 CVD=212775
2025-11-21 11:16:00 | INFO     | [VWAP-CVD] Candle 11:15 O=26123.90 H=26124.90 L=26118.00 C=26120.30 Vol=11625 Ticks=72 VWAP=26099.38 CVD=211050
2025-11-21 11:17:00 | INFO     | [VWAP-CVD] Candle 11:16 O=26120.30 H=26125.00 L=26118.20 C=26124.90 Vol=7125 Ticks=72 VWAP=26099.58 CVD=212925
2025-11-21 11:18:00 | INFO     | [VWAP-CVD] Candle 11:17 O=26121.60 H=26126.00 L=26119.30 C=26120.00 Vol=13650 Ticks=73 VWAP=26099.95 CVD=212175
2025-11-21 11:19:00 | INFO     | [VWAP-CVD] Candle 11:18 O=26120.00 H=26120.00 L=26116.50 C=26119.00 Vol=11325 Ticks=72 VWAP=26100.18 CVD=211200
2025-11-21 11:20:00 | INFO     | [VWAP-CVD] Candle 11:19 O=26117.00 H=26120.00 L=26115.20 C=26120.00 Vol=6150 Ticks=73 VWAP=26100.31 CVD=211500
2025-11-21 11:21:00 | INFO     | [VWAP-CVD] Candle 11:20 O=26120.00 H=26120.00 L=26111.60 C=26118.70 Vol=9075 Ticks=72 VWAP=26100.48 CVD=210375
2025-11-21 11:22:00 | INFO     | [VWAP-CVD] Candle 11:21 O=26113.10 H=26119.80 L=26112.00 C=26117.50 Vol=6600 Ticks=72 VWAP=26100.59 CVD=212925
2025-11-21 11:23:00 | INFO     | [VWAP-CVD] Candle 11:22 O=26117.50 H=26119.00 L=26113.10 C=26113.10 Vol=3450 Ticks=73 VWAP=26100.65 CVD=212625
2025-11-21 11:24:01 | INFO     | [VWAP-CVD] Candle 11:23 O=26111.90 H=26115.00 L=26110.00 C=26110.30 Vol=19500 Ticks=73 VWAP=26100.86 CVD=201975
2025-11-21 11:25:01 | INFO     | [VWAP-CVD] Candle 11:24 O=26110.30 H=26111.20 L=26105.00 C=26107.00 Vol=8325 Ticks=72 VWAP=26100.93 CVD=198900
2025-11-21 11:26:00 | INFO     | [VWAP-CVD] Candle 11:25 O=26104.90 H=26108.00 L=26096.80 C=26108.00 Vol=17775 Ticks=72 VWAP=26100.93 CVD=192675
2025-11-21 11:27:00 | INFO     | [VWAP-CVD] Candle 11:26 O=26108.00 H=26113.80 L=26105.10 C=26110.30 Vol=6075 Ticks=72 VWAP=26100.98 CVD=193200
2025-11-21 11:28:00 | INFO     | [VWAP-CVD] Candle 11:27 O=26108.10 H=26114.20 L=26105.70 C=26112.00 Vol=9225 Ticks=72 VWAP=26101.07 CVD=199725
2025-11-21 11:29:00 | INFO     | [VWAP-CVD] Candle 11:28 O=26112.00 H=26120.70 L=26112.00 C=26120.60 Vol=17925 Ticks=72 VWAP=26101.35 CVD=199350
2025-11-21 11:30:00 | INFO     | [VWAP-CVD] Candle 11:29 O=26121.60 H=26126.00 L=26120.00 C=26123.40 Vol=17700 Ticks=72 VWAP=26101.74 CVD=200250
2025-11-21 11:31:00 | INFO     | [VWAP-CVD] Candle 11:30 O=26124.00 H=26126.40 L=26120.00 C=26120.00 Vol=28500 Ticks=72 VWAP=26102.35 CVD=201300
2025-11-21 11:32:00 | INFO     | [VWAP-CVD] Candle 11:31 O=26115.10 H=26121.90 L=26115.00 C=26119.80 Vol=3000 Ticks=72 VWAP=26102.40 CVD=201600
2025-11-21 11:33:00 | INFO     | [VWAP-CVD] Candle 11:32 O=26119.80 H=26119.80 L=26109.00 C=26109.00 Vol=7125 Ticks=73 VWAP=26102.48 CVD=200925
2025-11-21 11:34:00 | INFO     | [VWAP-CVD] Candle 11:33 O=26107.70 H=26109.90 L=26100.00 C=26100.10 Vol=9600 Ticks=73 VWAP=26102.50 CVD=196725
2025-11-21 11:35:00 | INFO     | [VWAP-CVD] Candle 11:34 O=26100.10 H=26108.00 L=26099.10 C=26107.40 Vol=19725 Ticks=71 VWAP=26102.48 CVD=191100
2025-11-21 11:36:00 | INFO     | [VWAP-CVD] Candle 11:35 O=26107.40 H=26108.90 L=26100.10 C=26102.30 Vol=16200 Ticks=74 VWAP=26102.49 CVD=185550
2025-11-21 11:37:00 | INFO     | [VWAP-CVD] Candle 11:36 O=26102.30 H=26104.50 L=26100.30 C=26103.00 Vol=19350 Ticks=72 VWAP=26102.49 CVD=181350
2025-11-21 11:38:00 | INFO     | [VWAP-CVD] Candle 11:37 O=26102.20 H=26110.00 L=26102.20 C=26105.50 Vol=14175 Ticks=73 VWAP=26102.53 CVD=179475
2025-11-21 11:39:00 | INFO     | [VWAP-CVD] Candle 11:38 O=26105.50 H=26107.80 L=26102.30 C=26102.30 Vol=6150 Ticks=73 VWAP=26102.55 CVD=177975
2025-11-21 11:40:00 | INFO     | [VWAP-CVD] Candle 11:39 O=26103.00 H=26106.60 L=26103.00 C=26104.90 Vol=6150 Ticks=72 VWAP=26102.56 CVD=181875
2025-11-21 11:41:00 | INFO     | [VWAP-CVD] Candle 11:40 O=26104.60 H=26109.20 L=26102.00 C=26102.00 Vol=9900 Ticks=72 VWAP=26102.58 CVD=181725
2025-11-21 11:42:00 | INFO     | [VWAP-CVD] Candle 11:41 O=26101.00 H=26105.90 L=26100.20 C=26100.90 Vol=26625 Ticks=73 VWAP=26102.56 CVD=181500
2025-11-21 11:43:00 | INFO     | [VWAP-CVD] Candle 11:42 O=26102.40 H=26105.20 L=26099.60 C=26101.00 Vol=31500 Ticks=72 VWAP=26102.54 CVD=175050
2025-11-21 11:44:00 | INFO     | [VWAP-CVD] Candle 11:43 O=26100.40 H=26108.00 L=26099.30 C=26102.00 Vol=21675 Ticks=72 VWAP=26102.54 CVD=182475
2025-11-21 11:45:00 | INFO     | [VWAP-CVD] Candle 11:44 O=26102.00 H=26106.00 L=26101.20 C=26105.20 Vol=11325 Ticks=73 VWAP=26102.55 CVD=183600
2025-11-21 11:46:00 | INFO     | [VWAP-CVD] Candle 11:45 O=26105.60 H=26110.00 L=26104.20 C=26110.00 Vol=7200 Ticks=72 VWAP=26102.58 CVD=187950
2025-11-21 11:47:00 | INFO     | [VWAP-CVD] Candle 11:46 O=26110.00 H=26113.00 L=26105.10 C=26105.10 Vol=10050 Ticks=73 VWAP=26102.62 CVD=181350
2025-11-21 11:48:00 | INFO     | [VWAP-CVD] Candle 11:47 O=26104.90 H=26108.60 L=26104.80 C=26105.10 Vol=6975 Ticks=72 VWAP=26102.64 CVD=177225
2025-11-21 11:49:00 | INFO     | [VWAP-CVD] Candle 11:48 O=26107.00 H=26108.80 L=26104.50 C=26105.90 Vol=25125 Ticks=73 VWAP=26102.69 CVD=198300
2025-11-21 11:50:01 | INFO     | [VWAP-CVD] Candle 11:49 O=26104.90 H=26106.80 L=26104.00 C=26105.00 Vol=4875 Ticks=73 VWAP=26102.70 CVD=198525
2025-11-21 11:51:00 | INFO     | [VWAP-CVD] Candle 11:50 O=26105.00 H=26110.00 L=26102.00 C=26110.00 Vol=20400 Ticks=72 VWAP=26102.73 CVD=213525
2025-11-21 11:52:00 | INFO     | [VWAP-CVD] Candle 11:51 O=26106.70 H=26118.90 L=26106.70 C=26117.70 Vol=7950 Ticks=72 VWAP=26102.81 CVD=215625
2025-11-21 11:53:00 | INFO     | [VWAP-CVD] Candle 11:52 O=26117.70 H=26117.70 L=26105.00 C=26108.00 Vol=4050 Ticks=73 VWAP=26102.84 CVD=212775
2025-11-21 11:54:00 | INFO     | [VWAP-CVD] Candle 11:53 O=26108.00 H=26110.80 L=26102.70 C=26110.50 Vol=6150 Ticks=73 VWAP=26102.85 CVD=212475
2025-11-21 11:55:00 | INFO     | [VWAP-CVD] Candle 11:54 O=26110.50 H=26117.70 L=26110.00 C=26115.60 Vol=7800 Ticks=72 VWAP=26102.91 CVD=216225
2025-11-21 11:56:00 | INFO     | [VWAP-CVD] Candle 11:55 O=26115.50 H=26118.70 L=26115.50 C=26116.30 Vol=8775 Ticks=72 VWAP=26103.00 CVD=211500
2025-11-21 11:57:00 | INFO     | [VWAP-CVD] Candle 11:56 O=26116.30 H=26118.60 L=26116.00 C=26117.50 Vol=8250 Ticks=73 VWAP=26103.09 CVD=209100
2025-11-21 11:58:00 | INFO     | [VWAP-CVD] Candle 11:57 O=26117.30 H=26117.30 L=26107.80 C=26108.60 Vol=12675 Ticks=72 VWAP=26103.17 CVD=204225
2025-11-21 11:59:00 | INFO     | [VWAP-CVD] Candle 11:58 O=26108.60 H=26110.00 L=26107.10 C=26109.30 Vol=7575 Ticks=72 VWAP=26103.20 CVD=199950
2025-11-21 12:00:00 | INFO     | [VWAP-CVD] Candle 11:59 O=26109.90 H=26110.00 L=26106.40 C=26106.90 Vol=7275 Ticks=72 VWAP=26103.22 CVD=194925
2025-11-21 12:01:00 | INFO     | [VWAP-CVD] Candle 12:00 O=26105.80 H=26108.10 L=26099.40 C=26101.70 Vol=12600 Ticks=72 VWAP=26103.21 CVD=187275
2025-11-21 12:02:00 | INFO     | [VWAP-CVD] Candle 12:01 O=26101.70 H=26113.00 L=26101.70 C=26112.80 Vol=13950 Ticks=71 VWAP=26103.27 CVD=196575
2025-11-21 12:03:00 | INFO     | [VWAP-CVD] Candle 12:02 O=26112.80 H=26117.10 L=26111.10 C=26115.80 Vol=26550 Ticks=73 VWAP=26103.51 CVD=213375
2025-11-21 12:04:00 | INFO     | [VWAP-CVD] Candle 12:03 O=26117.50 H=26124.30 L=26116.90 C=26121.10 Vol=34200 Ticks=73 VWAP=26103.88 CVD=221025
2025-11-21 12:05:00 | INFO     | [VWAP-CVD] Candle 12:04 O=26123.00 H=26126.80 L=26120.30 C=26126.80 Vol=39300 Ticks=72 VWAP=26104.38 CVD=195975
2025-11-21 12:06:00 | INFO     | [VWAP-CVD] Candle 12:05 O=26125.50 H=26128.00 L=26123.70 C=26125.80 Vol=16950 Ticks=72 VWAP=26104.63 CVD=195075
2025-11-21 12:07:00 | INFO     | [VWAP-CVD] Candle 12:06 O=26125.80 H=26128.00 L=26122.90 C=26122.90 Vol=19950 Ticks=73 VWAP=26104.89 CVD=185175
2025-11-21 12:08:00 | INFO     | [VWAP-CVD] Candle 12:07 O=26122.30 H=26123.80 L=26117.30 C=26118.50 Vol=15000 Ticks=72 VWAP=26105.03 CVD=174525
2025-11-21 12:09:01 | INFO     | [VWAP-CVD] Candle 12:08 O=26117.90 H=26123.10 L=26117.80 C=26118.10 Vol=6600 Ticks=73 VWAP=26105.09 CVD=174675
2025-11-21 12:10:00 | INFO     | [VWAP-CVD] Candle 12:09 O=26118.30 H=26125.90 L=26118.30 C=26125.00 Vol=8700 Ticks=72 VWAP=26105.18 CVD=175125
2025-11-21 12:11:00 | INFO     | [VWAP-CVD] Candle 12:10 O=26125.00 H=26127.90 L=26122.30 C=26127.90 Vol=11625 Ticks=72 VWAP=26105.33 CVD=170400
2025-11-21 12:12:00 | INFO     | [VWAP-CVD] Candle 12:11 O=26126.00 H=26127.20 L=26122.90 C=26125.00 Vol=10125 Ticks=72 VWAP=26105.45 CVD=165225
2025-11-21 12:13:00 | INFO     | [VWAP-CVD] Candle 12:12 O=26125.00 H=26138.00 L=26125.00 C=26135.60 Vol=55800 Ticks=72 VWAP=26106.39 CVD=195075
2025-11-21 12:14:01 | INFO     | [VWAP-CVD] Candle 12:13 O=26135.60 H=26138.50 L=26133.00 C=26138.50 Vol=21075 Ticks=74 VWAP=26106.76 CVD=192000
2025-11-21 12:15:00 | INFO     | [VWAP-CVD] Candle 12:14 O=26138.10 H=26145.00 L=26137.80 C=26139.70 Vol=38850 Ticks=72 VWAP=26107.52 CVD=209250
2025-11-21 12:16:00 | INFO     | [VWAP-CVD] Candle 12:15 O=26139.60 H=26144.70 L=26137.20 C=26138.00 Vol=39300 Ticks=72 VWAP=26108.30 CVD=212250
2025-11-21 12:17:00 | INFO     | [VWAP-CVD] Candle 12:16 O=26138.00 H=26146.90 L=26136.70 C=26145.30 Vol=15975 Ticks=72 VWAP=26108.62 CVD=210675
2025-11-21 12:18:00 | INFO     | [VWAP-CVD] Candle 12:17 O=26145.30 H=26147.90 L=26143.00 C=26146.10 Vol=28275 Ticks=73 VWAP=26109.19 CVD=228900
2025-11-21 12:19:00 | INFO     | [VWAP-CVD] Candle 12:18 O=26148.00 H=26151.70 L=26145.00 C=26151.70 Vol=34650 Ticks=71 VWAP=26109.93 CVD=236400
2025-11-21 12:20:00 | INFO     | [VWAP-CVD] Candle 12:19 O=26157.00 H=26159.00 L=26150.40 C=26155.00 Vol=29775 Ticks=74 VWAP=26110.65 CVD=237675
2025-11-21 12:21:00 | INFO     | [VWAP-CVD] Candle 12:20 O=26155.20 H=26155.20 L=26151.30 C=26154.90 Vol=13875 Ticks=72 VWAP=26110.98 CVD=245250
2025-11-21 12:22:00 | INFO     | [VWAP-CVD] Candle 12:21 O=26152.60 H=26163.00 L=26152.60 C=26162.40 Vol=57825 Ticks=72 VWAP=26112.44 CVD=280125
2025-11-21 12:23:00 | INFO     | [VWAP-CVD] Candle 12:22 O=26162.40 H=26164.40 L=26157.30 C=26164.40 Vol=19875 Ticks=72 VWAP=26112.95 CVD=281700
2025-11-21 12:24:00 | INFO     | [VWAP-CVD] Candle 12:23 O=26161.50 H=26164.40 L=26158.60 C=26160.00 Vol=15750 Ticks=72 VWAP=26113.33 CVD=278400
2025-11-21 12:25:00 | INFO     | [VWAP-CVD] Candle 12:24 O=26160.00 H=26175.00 L=26160.00 C=26169.70 Vol=69450 Ticks=73 VWAP=26115.22 CVD=313200
2025-11-21 12:26:00 | INFO     | [VWAP-CVD] Candle 12:25 O=26169.70 H=26169.70 L=26161.30 C=26163.10 Vol=20475 Ticks=72 VWAP=26115.73 CVD=303075
2025-11-21 12:27:00 | INFO     | [VWAP-CVD] Candle 12:26 O=26163.10 H=26163.10 L=26157.30 C=26160.20 Vol=13350 Ticks=72 VWAP=26116.01 CVD=297375
2025-11-21 12:28:00 | INFO     | [VWAP-CVD] Candle 12:27 O=26162.90 H=26169.40 L=26162.40 C=26168.90 Vol=20850 Ticks=72 VWAP=26116.50 CVD=289425
2025-11-21 12:29:00 | INFO     | [VWAP-CVD] Candle 12:28 O=26168.90 H=26168.90 L=26159.40 C=26159.90 Vol=9900 Ticks=72 VWAP=26116.72 CVD=284775
2025-11-21 12:30:00 | INFO     | [VWAP-CVD] Candle 12:29 O=26159.90 H=26163.00 L=26157.80 C=26163.00 Vol=18225 Ticks=73 VWAP=26117.10 CVD=294000
2025-11-21 12:31:00 | INFO     | [VWAP-CVD] Candle 12:30 O=26162.20 H=26167.30 L=26162.00 C=26162.00 Vol=17325 Ticks=72 VWAP=26117.48 CVD=288825
2025-11-21 12:32:01 | INFO     | [VWAP-CVD] Candle 12:31 O=26161.90 H=26162.00 L=26156.60 C=26156.60 Vol=17100 Ticks=72 VWAP=26117.82 CVD=282675
2025-11-21 12:33:00 | INFO     | [VWAP-CVD] Candle 12:32 O=26156.60 H=26157.40 L=26149.00 C=26149.70 Vol=17775 Ticks=72 VWAP=26118.12 CVD=271350
2025-11-21 12:34:01 | INFO     | [VWAP-CVD] Candle 12:33 O=26148.60 H=26155.60 L=26148.60 C=26153.10 Vol=27825 Ticks=72 VWAP=26118.56 CVD=266325
2025-11-21 12:35:01 | INFO     | [VWAP-CVD] Candle 12:34 O=26154.50 H=26156.70 L=26151.00 C=26156.70 Vol=9525 Ticks=72 VWAP=26118.71 CVD=262500
2025-11-21 12:36:01 | INFO     | [VWAP-CVD] Candle 12:35 O=26153.60 H=26157.40 L=26152.00 C=26157.40 Vol=14250 Ticks=72 VWAP=26118.93 CVD=271050
2025-11-21 12:37:00 | INFO     | [VWAP-CVD] Candle 12:36 O=26157.40 H=26160.30 L=26155.90 C=26158.50 Vol=7125 Ticks=72 VWAP=26119.06 CVD=270075
2025-11-21 12:38:00 | INFO     | [VWAP-CVD] Candle 12:37 O=26156.00 H=26156.00 L=26150.00 C=26152.70 Vol=17550 Ticks=72 VWAP=26119.32 CVD=266475
2025-11-21 12:39:00 | INFO     | [VWAP-CVD] Candle 12:38 O=26153.00 H=26157.00 L=26150.30 C=26157.00 Vol=13950 Ticks=72 VWAP=26119.52 CVD=259425
2025-11-21 12:40:01 | INFO     | [VWAP-CVD] Candle 12:39 O=26157.00 H=26157.60 L=26151.40 C=26157.00 Vol=8175 Ticks=74 VWAP=26119.65 CVD=256650
2025-11-21 12:41:01 | INFO     | [VWAP-CVD] Candle 12:40 O=26154.70 H=26157.70 L=26153.30 C=26154.40 Vol=13500 Ticks=72 VWAP=26119.86 CVD=256800
2025-11-21 12:42:00 | INFO     | [VWAP-CVD] Candle 12:41 O=26155.00 H=26157.50 L=26154.40 C=26155.80 Vol=6825 Ticks=72 VWAP=26119.97 CVD=257025
2025-11-21 12:43:00 | INFO     | [VWAP-CVD] Candle 12:42 O=26154.90 H=26162.90 L=26154.90 C=26161.00 Vol=12150 Ticks=72 VWAP=26120.18 CVD=256725
2025-11-21 12:44:00 | INFO     | [VWAP-CVD] Candle 12:43 O=26159.50 H=26162.90 L=26155.80 C=26158.50 Vol=11700 Ticks=72 VWAP=26120.38 CVD=252675
2025-11-21 12:45:00 | INFO     | [VWAP-CVD] Candle 12:44 O=26155.80 H=26160.00 L=26154.20 C=26158.00 Vol=9450 Ticks=72 VWAP=26120.53 CVD=249525
2025-11-21 12:46:00 | INFO     | [VWAP-CVD] Candle 12:45 O=26158.00 H=26163.00 L=26155.20 C=26160.70 Vol=10875 Ticks=72 VWAP=26120.70 CVD=246750
2025-11-21 12:47:00 | INFO     | [VWAP-CVD] Candle 12:46 O=26162.00 H=26165.00 L=26160.70 C=26163.20 Vol=6600 Ticks=73 VWAP=26120.82 CVD=245100
2025-11-21 12:48:01 | INFO     | [VWAP-CVD] Candle 12:47 O=26165.00 H=26169.00 L=26161.70 C=26168.50 Vol=8175 Ticks=73 VWAP=26120.98 CVD=248025
2025-11-21 12:49:01 | INFO     | [VWAP-CVD] Candle 12:48 O=26168.50 H=26172.40 L=26166.50 C=26172.00 Vol=13050 Ticks=72 VWAP=26121.25 CVD=252225
2025-11-21 12:50:01 | INFO     | [VWAP-CVD] Candle 12:49 O=26172.40 H=26183.60 L=26171.70 C=26182.50 Vol=51750 Ticks=74 VWAP=26122.47 CVD=261075
2025-11-21 12:51:01 | INFO     | [VWAP-CVD] Candle 12:50 O=26184.00 H=26184.00 L=26176.50 C=26184.00 Vol=24375 Ticks=72 VWAP=26123.05 CVD=264300
2025-11-21 12:52:01 | INFO     | [VWAP-CVD] Candle 12:51 O=26184.00 H=26195.00 L=26184.00 C=26193.40 Vol=73200 Ticks=72 VWAP=26125.03 CVD=295350
2025-11-21 12:53:00 | INFO     | [VWAP-CVD] Candle 12:52 O=26194.00 H=26195.00 L=26185.80 C=26186.10 Vol=26325 Ticks=71 VWAP=26125.73 CVD=300525
2025-11-21 12:54:01 | INFO     | [VWAP-CVD] Candle 12:53 O=26186.10 H=26187.50 L=26183.70 C=26185.40 Vol=19875 Ticks=73 VWAP=26126.20 CVD=306000
2025-11-21 12:55:00 | INFO     | [VWAP-CVD] Candle 12:54 O=26186.00 H=26190.90 L=26185.00 C=26189.60 Vol=22500 Ticks=72 VWAP=26126.75 CVD=304050
2025-11-21 12:56:00 | INFO     | [VWAP-CVD] Candle 12:55 O=26190.00 H=26192.40 L=26188.30 C=26188.30 Vol=20775 Ticks=72 VWAP=26127.26 CVD=314175
2025-11-21 12:56:39 | INFO     | [VWAP-CVD] Processed 10000 ticks (buffer approx=10000); still in steady state.
2025-11-21 12:57:00 | INFO     | [VWAP-CVD] Candle 12:56 O=26188.30 H=26190.80 L=26187.40 C=26190.50 Vol=13500 Ticks=73 VWAP=26127.58 CVD=317175
2025-11-21 12:58:00 | INFO     | [VWAP-CVD] Candle 12:57 O=26189.90 H=26192.00 L=26188.00 C=26188.20 Vol=13275 Ticks=73 VWAP=26127.90 CVD=310200
2025-11-21 12:59:00 | INFO     | [VWAP-CVD] Candle 12:58 O=26188.20 H=26189.30 L=26186.70 C=26186.80 Vol=8175 Ticks=72 VWAP=26128.09 CVD=307125
2025-11-21 13:00:00 | INFO     | [VWAP-CVD] Candle 12:59 O=26186.30 H=26186.30 L=26180.00 C=26182.20 Vol=12000 Ticks=71 VWAP=26128.34 CVD=302025
2025-11-21 13:01:00 | INFO     | [VWAP-CVD] Candle 13:00 O=26182.20 H=26187.90 L=26180.00 C=26180.70 Vol=11550 Ticks=73 VWAP=26128.59 CVD=301275
2025-11-21 13:02:00 | INFO     | [VWAP-CVD] Candle 13:01 O=26181.30 H=26182.40 L=26177.00 C=26177.50 Vol=15450 Ticks=72 VWAP=26128.88 CVD=296775
2025-11-21 13:03:00 | INFO     | [VWAP-CVD] Candle 13:02 O=26177.50 H=26182.70 L=26174.60 C=26182.70 Vol=18900 Ticks=72 VWAP=26129.22 CVD=298125
2025-11-21 13:04:00 | INFO     | [VWAP-CVD] Candle 13:03 O=26181.80 H=26186.00 L=26178.10 C=26178.10 Vol=5325 Ticks=72 VWAP=26129.33 CVD=298800
2025-11-21 13:05:00 | INFO     | [VWAP-CVD] Candle 13:04 O=26178.10 H=26182.60 L=26177.20 C=26182.50 Vol=6075 Ticks=73 VWAP=26129.44 CVD=296925
2025-11-21 13:06:00 | INFO     | [VWAP-CVD] Candle 13:05 O=26176.50 H=26182.50 L=26176.50 C=26176.50 Vol=5475 Ticks=72 VWAP=26129.54 CVD=295650
2025-11-21 13:08:09 | INFO     | Logging system initialized (IST timezone, no color codes)
2025-11-21 13:08:09 | INFO     | Console level: INFO, File level: DEBUG
2025-11-21 13:08:09 | INFO     | Log file: logs/fut_vwap_cvd_sidecar.log (max 10,485,760 bytes, 5 backups)
2025-11-21 13:08:09 | INFO     | ============================================================
2025-11-21 13:08:09 | INFO     | STARTING NIFTY FUTURES VWAP + CVD SIDECAR
2025-11-21 13:08:09 | INFO     | ============================================================
2025-11-21 13:08:09 | INFO     | Sidecar config: security_id=37054 segment=NSE_FNO candle_interval=60s
2025-11-21 13:08:09 | INFO     | [VWAP-CVD] Connecting to Dhan WS (attempt 1/∞)
2025-11-21 13:08:09 | INFO     | [LEVEL] Updated console_level to DEBUG
2025-11-21 13:08:09 | INFO     | [LEVEL] Updated file_level to INFO
2025-11-21 13:08:09 | INFO     | [LEVEL] Updated main_event_loop to DEBUG
2025-11-21 13:08:09 | INFO     | [LEVEL] Updated core_handler to DEBUG
2025-11-21 13:08:09 | INFO     | [LEVEL] Updated calibrator to INFO
2025-11-21 13:08:09 | INFO     | [LEVEL] Updated online_trainer to INFO
2025-11-21 13:08:10 | INFO     | [VWAP-CVD] WebSocket connected. Subscribing to NSE_FNO:37054
2025-11-21 13:08:10 | INFO     | [VWAP-CVD] Subscription sent at 13:08:10
2025-11-21 13:09:00 | INFO     | [VWAP-CVD] Candle 13:08 O=26172.20 H=26175.00 L=26166.50 C=26168.70 Vol=7950 Ticks=60 VWAP=26169.98 CVD=-1950
2025-11-21 13:10:00 | INFO     | [VWAP-CVD] Candle 13:09 O=26168.40 H=26174.70 L=26166.40 C=26167.00 Vol=17400 Ticks=72 VWAP=26169.65 CVD=-3300
2025-11-21 13:11:00 | INFO     | [VWAP-CVD] Candle 13:10 O=26167.60 H=26170.70 L=26167.00 C=26169.00 Vol=6075 Ticks=73 VWAP=26169.44 CVD=-1875
2025-11-21 13:12:00 | INFO     | [VWAP-CVD] Candle 13:11 O=26169.00 H=26169.40 L=26163.60 C=26163.60 Vol=8025 Ticks=73 VWAP=26169.03 CVD=-750
2025-11-21 13:13:00 | INFO     | [VWAP-CVD] Candle 13:12 O=26163.60 H=26163.60 L=26155.30 C=26155.30 Vol=12525 Ticks=72 VWAP=26166.68 CVD=-7125
2025-11-21 13:14:00 | INFO     | [VWAP-CVD] Candle 13:13 O=26155.30 H=26158.00 L=26152.30 C=26155.90 Vol=14175 Ticks=72 VWAP=26164.25 CVD=-7200
2025-11-21 13:15:00 | INFO     | [VWAP-CVD] Candle 13:14 O=26155.90 H=26157.90 L=26143.90 C=26147.40 Vol=26850 Ticks=72 VWAP=26159.84 CVD=-13650
2025-11-21 13:16:00 | INFO     | [VWAP-CVD] Candle 13:15 O=26147.40 H=26150.10 L=26142.10 C=26145.00 Vol=20475 Ticks=73 VWAP=26157.22 CVD=-8175
2025-11-21 13:17:00 | INFO     | [VWAP-CVD] Candle 13:16 O=26145.00 H=26145.00 L=26140.00 C=26140.00 Vol=13650 Ticks=73 VWAP=26155.69 CVD=-14475
2025-11-21 13:18:00 | INFO     | [VWAP-CVD] Candle 13:17 O=26145.00 H=26145.00 L=26130.00 C=26131.30 Vol=26475 Ticks=72 VWAP=26152.27 CVD=-22500
2025-11-21 13:19:00 | INFO     | [VWAP-CVD] Candle 13:18 O=26127.00 H=26132.50 L=26122.00 C=26126.00 Vol=34200 Ticks=73 VWAP=26147.52 CVD=-39450
2025-11-21 13:20:00 | INFO     | [VWAP-CVD] Candle 13:19 O=26126.00 H=26129.40 L=26118.20 C=26120.80 Vol=17025 Ticks=72 VWAP=26145.54 CVD=-41025
2025-11-21 13:21:01 | INFO     | [VWAP-CVD] Candle 13:20 O=26120.80 H=26130.00 L=26118.30 C=26130.00 Vol=20175 Ticks=73 VWAP=26143.53 CVD=-31050
2025-11-21 13:22:01 | INFO     | [VWAP-CVD] Candle 13:21 O=26129.00 H=26130.00 L=26117.80 C=26119.70 Vol=13350 Ticks=72 VWAP=26142.28 CVD=-36900
2025-11-21 13:23:00 | INFO     | [VWAP-CVD] Candle 13:22 O=26119.70 H=26129.40 L=26117.40 C=26126.90 Vol=10200 Ticks=72 VWAP=26141.43 CVD=-34650
2025-11-21 13:24:00 | INFO     | [VWAP-CVD] Candle 13:23 O=26129.60 H=26129.60 L=26118.40 C=26120.00 Vol=10575 Ticks=72 VWAP=26140.62 CVD=-40125
2025-11-21 13:25:00 | INFO     | [VWAP-CVD] Candle 13:24 O=26116.70 H=26117.20 L=26110.00 C=26113.00 Vol=22800 Ticks=72 VWAP=26138.39 CVD=-51375
2025-11-21 13:26:01 | INFO     | [VWAP-CVD] Candle 13:25 O=26113.00 H=26118.80 L=26108.00 C=26108.00 Vol=13500 Ticks=74 VWAP=26137.23 CVD=-49275
2025-11-21 13:27:01 | INFO     | [VWAP-CVD] Candle 13:26 O=26108.00 H=26120.00 L=26108.00 C=26118.20 Vol=12675 Ticks=72 VWAP=26136.31 CVD=-46650
2025-11-21 13:28:01 | INFO     | [VWAP-CVD] Candle 13:27 O=26116.90 H=26125.00 L=26116.90 C=26118.90 Vol=12150 Ticks=72 VWAP=26135.68 CVD=-48150
2025-11-21 13:29:00 | INFO     | [VWAP-CVD] Candle 13:28 O=26119.30 H=26126.80 L=26119.30 C=26122.90 Vol=7275 Ticks=72 VWAP=26135.41 CVD=-50775
2025-11-21 13:30:00 | INFO     | [VWAP-CVD] Candle 13:29 O=26123.00 H=26126.10 L=26118.60 C=26119.30 Vol=9675 Ticks=74 VWAP=26135.00 CVD=-52500
2025-11-21 13:31:00 | INFO     | [VWAP-CVD] Candle 13:30 O=26122.50 H=26122.50 L=26112.10 C=26112.60 Vol=17175 Ticks=72 VWAP=26134.09 CVD=-63375
2025-11-21 13:32:00 | INFO     | [VWAP-CVD] Candle 13:31 O=26112.60 H=26122.40 L=26112.10 C=26122.40 Vol=11700 Ticks=72 VWAP=26133.53 CVD=-62025
2025-11-21 13:33:00 | INFO     | [VWAP-CVD] Candle 13:32 O=26118.60 H=26123.30 L=26115.00 C=26118.30 Vol=10575 Ticks=72 VWAP=26133.13 CVD=-64500
2025-11-21 13:34:00 | INFO     | [VWAP-CVD] Candle 13:33 O=26117.80 H=26123.10 L=26116.00 C=26116.20 Vol=16275 Ticks=74 VWAP=26132.58 CVD=-68325
2025-11-21 13:35:00 | INFO     | [VWAP-CVD] Candle 13:34 O=26115.00 H=26129.90 L=26115.00 C=26127.70 Vol=12900 Ticks=72 VWAP=26132.27 CVD=-62325
2025-11-21 13:36:00 | INFO     | [VWAP-CVD] Candle 13:35 O=26127.40 H=26132.20 L=26125.40 C=26128.00 Vol=11775 Ticks=72 VWAP=26132.18 CVD=-64200
2025-11-21 13:37:00 | INFO     | [VWAP-CVD] Candle 13:36 O=26128.00 H=26130.00 L=26124.00 C=26128.00 Vol=12375 Ticks=73 VWAP=26132.04 CVD=-68025
2025-11-21 13:38:00 | INFO     | [VWAP-CVD] Candle 13:37 O=26128.00 H=26134.80 L=26124.70 C=26134.80 Vol=17475 Ticks=72 VWAP=26131.87 CVD=-65400
2025-11-21 13:39:00 | INFO     | [VWAP-CVD] Candle 13:38 O=26127.50 H=26140.50 L=26127.00 C=26140.00 Vol=19200 Ticks=73 VWAP=26131.95 CVD=-60900
2025-11-21 13:40:00 | INFO     | [VWAP-CVD] Candle 13:39 O=26140.00 H=26141.90 L=26133.20 C=26135.00 Vol=11250 Ticks=72 VWAP=26132.08 CVD=-64650
2025-11-21 13:41:00 | INFO     | [VWAP-CVD] Candle 13:40 O=26135.40 H=26135.40 L=26127.00 C=26132.90 Vol=40350 Ticks=72 VWAP=26131.91 CVD=-91200
2025-11-21 13:42:00 | INFO     | [VWAP-CVD] Candle 13:41 O=26132.90 H=26132.90 L=26125.00 C=26127.30 Vol=8775 Ticks=73 VWAP=26131.84 CVD=-93225
2025-11-21 13:43:00 | INFO     | [VWAP-CVD] Candle 13:42 O=26127.30 H=26127.50 L=26120.00 C=26122.00 Vol=12150 Ticks=72 VWAP=26131.63 CVD=-96375
2025-11-21 13:44:00 | INFO     | [VWAP-CVD] Candle 13:43 O=26121.00 H=26122.90 L=26115.10 C=26121.90 Vol=17325 Ticks=72 VWAP=26131.23 CVD=-106500
2025-11-21 13:45:01 | INFO     | [VWAP-CVD] Candle 13:44 O=26120.10 H=26128.70 L=26118.60 C=26121.00 Vol=12000 Ticks=73 VWAP=26131.06 CVD=-104850
2025-11-21 13:46:00 | INFO     | [VWAP-CVD] Candle 13:45 O=26119.40 H=26121.60 L=26110.00 C=26112.80 Vol=17925 Ticks=71 VWAP=26130.56 CVD=-107625
2025-11-21 13:47:01 | INFO     | [VWAP-CVD] Candle 13:46 O=26113.00 H=26124.50 L=26112.10 C=26118.90 Vol=13725 Ticks=73 VWAP=26130.25 CVD=-109050
2025-11-21 13:48:00 | INFO     | [VWAP-CVD] Candle 13:47 O=26119.00 H=26121.60 L=26116.90 C=26117.80 Vol=7650 Ticks=72 VWAP=26130.11 CVD=-110700
2025-11-21 13:49:00 | INFO     | [VWAP-CVD] Candle 13:48 O=26117.80 H=26120.00 L=26116.00 C=26120.00 Vol=9900 Ticks=72 VWAP=26129.90 CVD=-112500
2025-11-21 13:50:00 | INFO     | [VWAP-CVD] Candle 13:49 O=26120.00 H=26125.00 L=26119.00 C=26123.20 Vol=15825 Ticks=72 VWAP=26129.70 CVD=-112725
2025-11-21 13:51:00 | INFO     | [VWAP-CVD] Candle 13:50 O=26121.10 H=26130.40 L=26121.10 C=26128.50 Vol=17700 Ticks=73 VWAP=26129.64 CVD=-111375
2025-11-21 13:52:01 | INFO     | [VWAP-CVD] Candle 13:51 O=26127.10 H=26127.10 L=26113.20 C=26115.80 Vol=19425 Ticks=73 VWAP=26129.39 CVD=-121800
2025-11-21 13:53:00 | INFO     | [VWAP-CVD] Candle 13:52 O=26115.40 H=26129.50 L=26115.40 C=26129.50 Vol=14700 Ticks=71 VWAP=26129.26 CVD=-118050
2025-11-21 13:54:00 | INFO     | [VWAP-CVD] Candle 13:53 O=26129.50 H=26130.00 L=26127.70 C=26130.00 Vol=15150 Ticks=73 VWAP=26129.24 CVD=-121500
2025-11-21 13:55:00 | INFO     | [VWAP-CVD] Candle 13:54 O=26130.00 H=26139.00 L=26128.00 C=26139.00 Vol=11775 Ticks=72 VWAP=26129.32 CVD=-117825
2025-11-21 13:56:00 | INFO     | [VWAP-CVD] Candle 13:55 O=26140.00 H=26147.30 L=26139.50 C=26143.30 Vol=21450 Ticks=72 VWAP=26129.74 CVD=-113625
2025-11-21 13:57:00 | INFO     | [VWAP-CVD] Candle 13:56 O=26143.60 H=26143.60 L=26139.50 C=26140.00 Vol=7200 Ticks=72 VWAP=26129.85 CVD=-114675
2025-11-21 13:58:00 | INFO     | [VWAP-CVD] Candle 13:57 O=26140.60 H=26148.00 L=26137.10 C=26143.20 Vol=12675 Ticks=73 VWAP=26130.07 CVD=-112950
2025-11-21 13:59:01 | INFO     | [VWAP-CVD] Candle 13:58 O=26143.20 H=26148.40 L=26141.00 C=26144.70 Vol=10650 Ticks=73 VWAP=26130.27 CVD=-111450
2025-11-21 14:00:00 | INFO     | [VWAP-CVD] Candle 13:59 O=26144.70 H=26154.00 L=26144.70 C=26147.90 Vol=12000 Ticks=72 VWAP=26130.58 CVD=-109500
2025-11-21 14:01:00 | INFO     | [VWAP-CVD] Candle 14:00 O=26150.90 H=26153.20 L=26147.60 C=26148.40 Vol=14100 Ticks=72 VWAP=26130.94 CVD=-106650
2025-11-21 14:02:00 | INFO     | [VWAP-CVD] Candle 14:01 O=26148.90 H=26151.00 L=26145.60 C=26146.90 Vol=9375 Ticks=72 VWAP=26131.15 CVD=-111375
2025-11-21 14:03:00 | INFO     | [VWAP-CVD] Candle 14:02 O=26146.90 H=26152.00 L=26144.60 C=26145.10 Vol=9000 Ticks=73 VWAP=26131.33 CVD=-111075
2025-11-21 14:04:01 | INFO     | [VWAP-CVD] Candle 14:03 O=26145.10 H=26150.00 L=26143.10 C=26143.10 Vol=16125 Ticks=72 VWAP=26131.62 CVD=-115950
2025-11-21 14:05:00 | INFO     | [VWAP-CVD] Candle 14:04 O=26143.10 H=26150.00 L=26141.60 C=26149.80 Vol=4725 Ticks=72 VWAP=26131.70 CVD=-114075
2025-11-21 14:06:00 | INFO     | [VWAP-CVD] Candle 14:05 O=26144.20 H=26148.70 L=26142.50 C=26143.90 Vol=60975 Ticks=73 VWAP=26132.55 CVD=-162600
2025-11-21 14:07:01 | INFO     | [VWAP-CVD] Candle 14:06 O=26144.90 H=26144.90 L=26137.10 C=26139.80 Vol=19125 Ticks=73 VWAP=26132.72 CVD=-162975
2025-11-21 14:08:01 | INFO     | [VWAP-CVD] Candle 14:07 O=26140.20 H=26145.70 L=26138.20 C=26145.20 Vol=117900 Ticks=72 VWAP=26133.53 CVD=-232125
2025-11-21 14:09:00 | INFO     | [VWAP-CVD] Candle 14:08 O=26145.40 H=26160.00 L=26145.40 C=26154.40 Vol=18600 Ticks=72 VWAP=26133.90 CVD=-221625
2025-11-21 14:10:00 | INFO     | [VWAP-CVD] Candle 14:09 O=26155.00 H=26160.00 L=26152.60 C=26160.00 Vol=8550 Ticks=72 VWAP=26134.09 CVD=-218925
2025-11-21 14:11:00 | INFO     | [VWAP-CVD] Candle 14:10 O=26160.00 H=26162.90 L=26158.60 C=26159.20 Vol=10125 Ticks=73 VWAP=26134.34 CVD=-218100
2025-11-21 14:12:01 | INFO     | [VWAP-CVD] Candle 14:11 O=26159.00 H=26159.00 L=26156.00 C=26156.40 Vol=9675 Ticks=73 VWAP=26134.55 CVD=-220125
2025-11-21 14:13:00 | INFO     | [VWAP-CVD] Candle 14:12 O=26160.50 H=26166.00 L=26158.50 C=26165.20 Vol=65700 Ticks=72 VWAP=26136.21 CVD=-254175
2025-11-21 14:14:00 | INFO     | [VWAP-CVD] Candle 14:13 O=26166.00 H=26166.00 L=26161.90 C=26163.10 Vol=12600 Ticks=73 VWAP=26136.52 CVD=-254775
2025-11-21 14:15:00 | INFO     | [VWAP-CVD] Candle 14:14 O=26163.10 H=26165.30 L=26163.00 C=26164.90 Vol=9450 Ticks=73 VWAP=26136.75 CVD=-253575
2025-11-21 14:16:00 | INFO     | [VWAP-CVD] Candle 14:15 O=26164.90 H=26168.50 L=26162.10 C=26167.00 Vol=23025 Ticks=72 VWAP=26137.29 CVD=-241650
2025-11-21 14:17:01 | INFO     | [VWAP-CVD] Candle 14:16 O=26169.50 H=26175.00 L=26168.80 C=26170.10 Vol=43875 Ticks=74 VWAP=26138.58 CVD=-216525
2025-11-21 14:18:00 | INFO     | [VWAP-CVD] Candle 14:17 O=26170.10 H=26170.50 L=26164.10 C=26168.60 Vol=8850 Ticks=72 VWAP=26138.78 CVD=-214725
2025-11-21 14:19:00 | INFO     | [VWAP-CVD] Candle 14:18 O=26167.60 H=26169.50 L=26162.00 C=26162.00 Vol=7200 Ticks=73 VWAP=26138.93 CVD=-218925
2025-11-21 14:20:00 | INFO     | [VWAP-CVD] Candle 14:19 O=26162.00 H=26163.30 L=26153.80 C=26157.10 Vol=12525 Ticks=72 VWAP=26139.13 CVD=-219000
2025-11-21 14:21:01 | INFO     | [VWAP-CVD] Candle 14:20 O=26157.10 H=26164.70 L=26155.40 C=26163.00 Vol=11850 Ticks=73 VWAP=26139.32 CVD=-212550
2025-11-21 14:22:00 | INFO     | [VWAP-CVD] Candle 14:21 O=26163.90 H=26168.00 L=26163.00 C=26166.90 Vol=14325 Ticks=72 VWAP=26139.60 CVD=-206475
2025-11-21 14:23:00 | INFO     | [VWAP-CVD] Candle 14:22 O=26169.90 H=26172.40 L=26165.00 C=26165.50 Vol=13125 Ticks=73 VWAP=26139.90 CVD=-205050
2025-11-21 14:24:00 | INFO     | [VWAP-CVD] Candle 14:23 O=26166.90 H=26169.90 L=26164.80 C=26169.70 Vol=10800 Ticks=71 VWAP=26140.13 CVD=-199650
2025-11-21 14:25:00 | INFO     | [VWAP-CVD] Candle 14:24 O=26168.20 H=26173.00 L=26166.50 C=26166.50 Vol=11100 Ticks=75 VWAP=26140.37 CVD=-203400
2025-11-21 14:26:00 | INFO     | [VWAP-CVD] Candle 14:25 O=26170.70 H=26170.70 L=26166.50 C=26166.50 Vol=8850 Ticks=72 VWAP=26140.55 CVD=-210750
2025-11-21 14:27:00 | INFO     | [VWAP-CVD] Candle 14:26 O=26165.10 H=26169.80 L=26165.00 C=26166.80 Vol=9900 Ticks=73 VWAP=26140.74 CVD=-210450
2025-11-21 14:28:00 | INFO     | [VWAP-CVD] Candle 14:27 O=26166.80 H=26171.80 L=26164.00 C=26164.00 Vol=20775 Ticks=73 VWAP=26141.17 CVD=-209175
2025-11-21 14:29:00 | INFO     | [VWAP-CVD] Candle 14:28 O=26164.80 H=26173.00 L=26163.30 C=26169.90 Vol=18825 Ticks=72 VWAP=26141.53 CVD=-203700
2025-11-21 14:30:01 | INFO     | [VWAP-CVD] Candle 14:29 O=26170.00 H=26170.00 L=26164.00 C=26169.10 Vol=10950 Ticks=74 VWAP=26141.74 CVD=-206700
2025-11-21 14:31:00 | INFO     | [VWAP-CVD] Candle 14:30 O=26169.10 H=26169.10 L=26165.00 C=26166.10 Vol=11700 Ticks=72 VWAP=26141.95 CVD=-210150
2025-11-21 14:32:00 | INFO     | [VWAP-CVD] Candle 14:31 O=26166.10 H=26169.20 L=26164.00 C=26169.20 Vol=12675 Ticks=72 VWAP=26142.16 CVD=-209175
2025-11-21 14:33:00 | INFO     | [VWAP-CVD] Candle 14:32 O=26169.20 H=26169.80 L=26164.00 C=26164.00 Vol=7950 Ticks=72 VWAP=26142.31 CVD=-210075
2025-11-21 14:34:00 | INFO     | [VWAP-CVD] Candle 14:33 O=26164.00 H=26166.00 L=26158.00 C=26165.40 Vol=9750 Ticks=72 VWAP=26142.44 CVD=-210825
2025-11-21 14:35:00 | INFO     | [VWAP-CVD] Candle 14:34 O=26165.40 H=26167.90 L=26161.30 C=26161.30 Vol=9375 Ticks=73 VWAP=26142.60 CVD=-213150
2025-11-21 14:36:00 | INFO     | [VWAP-CVD] Candle 14:35 O=26161.30 H=26167.90 L=26161.30 C=26167.60 Vol=8925 Ticks=73 VWAP=26142.73 CVD=-211125
2025-11-21 14:37:00 | INFO     | [VWAP-CVD] Candle 14:36 O=26167.60 H=26173.60 L=26164.80 C=26170.40 Vol=9300 Ticks=72 VWAP=26142.90 CVD=-207375
2025-11-21 14:38:00 | INFO     | [VWAP-CVD] Candle 14:37 O=26170.40 H=26177.60 L=26170.10 C=26170.10 Vol=21900 Ticks=72 VWAP=26143.39 CVD=-199425
2025-11-21 14:39:00 | INFO     | [VWAP-CVD] Candle 14:38 O=26170.10 H=26173.20 L=26165.00 C=26165.00 Vol=7050 Ticks=73 VWAP=26143.51 CVD=-199425
2025-11-21 14:40:00 | INFO     | [VWAP-CVD] Candle 14:39 O=26165.00 H=26165.00 L=26152.80 C=26153.00 Vol=12225 Ticks=72 VWAP=26143.63 CVD=-204900
2025-11-21 14:41:00 | INFO     | [VWAP-CVD] Candle 14:40 O=26153.00 H=26154.00 L=26140.80 C=26145.20 Vol=18900 Ticks=72 VWAP=26143.68 CVD=-205950
2025-11-21 14:42:00 | INFO     | [VWAP-CVD] Candle 14:41 O=26145.20 H=26164.50 L=26145.20 C=26155.00 Vol=12525 Ticks=72 VWAP=26143.78 CVD=-206025
2025-11-21 14:43:00 | INFO     | [VWAP-CVD] Candle 14:42 O=26155.00 H=26160.00 L=26152.20 C=26152.20 Vol=8400 Ticks=72 VWAP=26143.84 CVD=-209025
2025-11-21 14:44:00 | INFO     | [VWAP-CVD] Candle 14:43 O=26152.20 H=26152.70 L=26143.60 C=26144.00 Vol=10725 Ticks=72 VWAP=26143.86 CVD=-213900
2025-11-21 14:45:00 | INFO     | [VWAP-CVD] Candle 14:44 O=26144.00 H=26148.00 L=26136.10 C=26136.10 Vol=9825 Ticks=72 VWAP=26143.86 CVD=-216825
2025-11-21 14:46:00 | INFO     | [VWAP-CVD] Candle 14:45 O=26136.00 H=26142.00 L=26134.20 C=26134.50 Vol=30150 Ticks=73 VWAP=26143.74 CVD=-200625
2025-11-21 14:47:00 | INFO     | [VWAP-CVD] Candle 14:46 O=26134.50 H=26140.00 L=26132.60 C=26132.60 Vol=12000 Ticks=72 VWAP=26143.68 CVD=-203175
2025-11-21 14:48:01 | INFO     | [VWAP-CVD] Candle 14:47 O=26132.60 H=26135.30 L=26120.10 C=26120.10 Vol=129675 Ticks=73 VWAP=26142.12 CVD=-287250
2025-11-21 14:49:00 | INFO     | [VWAP-CVD] Candle 14:48 O=26120.00 H=26121.50 L=26115.00 C=26115.00 Vol=29625 Ticks=71 VWAP=26141.71 CVD=-302625
2025-11-21 14:50:00 | INFO     | [VWAP-CVD] Candle 14:49 O=26115.00 H=26115.70 L=26109.90 C=26113.80 Vol=23175 Ticks=72 VWAP=26141.33 CVD=-310200
2025-11-21 14:51:00 | INFO     | [VWAP-CVD] Candle 14:50 O=26113.80 H=26117.80 L=26111.90 C=26114.00 Vol=19950 Ticks=72 VWAP=26141.03 CVD=-304650
2025-11-21 14:52:01 | INFO     | [VWAP-CVD] Candle 14:51 O=26114.00 H=26120.00 L=26111.00 C=26115.20 Vol=17775 Ticks=73 VWAP=26140.77 CVD=-308925
2025-11-21 14:53:00 | INFO     | [VWAP-CVD] Candle 14:52 O=26116.00 H=26118.00 L=26102.30 C=26105.60 Vol=26925 Ticks=71 VWAP=26140.29 CVD=-318000
2025-11-21 14:54:00 | INFO     | [VWAP-CVD] Candle 14:53 O=26105.60 H=26111.30 L=26102.20 C=26111.00 Vol=31125 Ticks=73 VWAP=26139.71 CVD=-318825
2025-11-21 14:55:00 | INFO     | [VWAP-CVD] Candle 14:54 O=26109.00 H=26111.20 L=26102.00 C=26102.00 Vol=30150 Ticks=72 VWAP=26139.21 CVD=-316125
2025-11-21 14:56:00 | INFO     | [VWAP-CVD] Candle 14:55 O=26104.50 H=26104.50 L=26084.20 C=26085.00 Vol=41475 Ticks=72 VWAP=26138.19 CVD=-333000
2025-11-21 14:57:00 | INFO     | [VWAP-CVD] Candle 14:56 O=26082.50 H=26097.00 L=26082.00 C=26090.00 Vol=22725 Ticks=72 VWAP=26137.63 CVD=-334575
2025-11-21 14:58:00 | INFO     | [VWAP-CVD] Candle 14:57 O=26088.20 H=26091.50 L=26080.10 C=26084.40 Vol=22650 Ticks=72 VWAP=26137.03 CVD=-333375
2025-11-21 14:59:00 | INFO     | [VWAP-CVD] Candle 14:58 O=26084.00 H=26086.50 L=26073.00 C=26076.00 Vol=24375 Ticks=72 VWAP=26136.31 CVD=-345600
2025-11-21 15:00:00 | INFO     | [VWAP-CVD] Candle 14:59 O=26076.10 H=26084.90 L=26075.10 C=26079.00 Vol=22500 Ticks=72 VWAP=26135.68 CVD=-346800
2025-11-21 15:01:00 | INFO     | [VWAP-CVD] Candle 15:00 O=26077.00 H=26081.50 L=26072.00 C=26081.50 Vol=41700 Ticks=66 VWAP=26134.48 CVD=-357450
2025-11-21 15:02:00 | INFO     | [VWAP-CVD] Candle 15:01 O=26083.60 H=26091.80 L=26081.40 C=26086.60 Vol=33675 Ticks=72 VWAP=26133.72 CVD=-349425
2025-11-21 15:03:00 | INFO     | [VWAP-CVD] Candle 15:02 O=26088.00 H=26095.90 L=26086.00 C=26095.80 Vol=31500 Ticks=73 VWAP=26133.09 CVD=-339975
2025-11-21 15:04:00 | INFO     | [VWAP-CVD] Candle 15:03 O=26095.60 H=26095.60 L=26083.80 C=26084.30 Vol=77400 Ticks=72 VWAP=26131.51 CVD=-369075
2025-11-21 15:05:00 | INFO     | [VWAP-CVD] Candle 15:04 O=26084.00 H=26092.20 L=26082.60 C=26082.60 Vol=53625 Ticks=73 VWAP=26130.44 CVD=-395250
2025-11-21 15:06:00 | INFO     | [VWAP-CVD] Candle 15:05 O=26085.00 H=26089.00 L=26073.70 C=26073.70 Vol=127950 Ticks=72 VWAP=26127.75 CVD=-409800
2025-11-21 15:07:00 | INFO     | [VWAP-CVD] Candle 15:06 O=26073.70 H=26089.20 L=26071.90 C=26081.70 Vol=189300 Ticks=72 VWAP=26124.17 CVD=-420900
2025-11-21 15:08:00 | INFO     | [VWAP-CVD] Candle 15:07 O=26084.80 H=26085.40 L=26073.20 C=26079.50 Vol=85875 Ticks=72 VWAP=26122.66 CVD=-490425
2025-11-21 15:09:00 | INFO     | [VWAP-CVD] Candle 15:08 O=26076.60 H=26086.00 L=26075.50 C=26082.00 Vol=35925 Ticks=72 VWAP=26122.12 CVD=-499200
2025-11-21 15:10:00 | INFO     | [VWAP-CVD] Candle 15:09 O=26080.90 H=26083.00 L=26078.20 C=26080.50 Vol=33000 Ticks=72 VWAP=26121.62 CVD=-501150
2025-11-21 15:11:01 | INFO     | [VWAP-CVD] Candle 15:10 O=26080.40 H=26084.40 L=26079.00 C=26081.60 Vol=14475 Ticks=75 VWAP=26121.41 CVD=-501375
2025-11-21 15:12:00 | INFO     | [VWAP-CVD] Candle 15:11 O=26080.80 H=26085.00 L=26076.80 C=26077.00 Vol=20925 Ticks=72 VWAP=26121.11 CVD=-495450
2025-11-21 15:13:00 | INFO     | [VWAP-CVD] Candle 15:12 O=26076.00 H=26082.00 L=26075.00 C=26079.90 Vol=21450 Ticks=73 VWAP=26120.78 CVD=-496350
2025-11-21 15:14:00 | INFO     | [VWAP-CVD] Candle 15:13 O=26077.40 H=26080.90 L=26075.00 C=26075.10 Vol=27225 Ticks=72 VWAP=26120.38 CVD=-489675
2025-11-21 15:15:00 | INFO     | [VWAP-CVD] Candle 15:14 O=26078.50 H=26080.80 L=26075.00 C=26079.30 Vol=19425 Ticks=73 VWAP=26120.09 CVD=-486750
